tab 	er_samples
er_citation_names	er_location_name	er_sample_name	er_site_name	magic_method_codes	magic_software_packages	sample_azimuth	sample_bed_dip	sample_bed_dip_direction	sample_dip
This study	unknown	is001a	is001	FS-FD:SO-NO	pmagpy-2.190	183.0	5.0	59.0	76.0
This study	unknown	is001b	is001	FS-FD:SO-NO	pmagpy-2.190	207.0	5.0	59.0	80.0
This study	unknown	is001c	is001	FS-FD:SO-NO	pmagpy-2.190	192.0	5.0	59.0	59.0
This study	unknown	is001d	is001	FS-FD:SO-NO	pmagpy-2.190	276.0	5.0	59.0	79.0
This study	unknown	is001e	is001	FS-FD:SO-NO	pmagpy-2.190	198.0	5.0	59.0	34.0
This study	unknown	is001f	is001	FS-FD:SO-NO	pmagpy-2.190	203.0	5.0	59.0	64.0
This study	unknown	is001g	is001	FS-FD:SO-NO	pmagpy-2.190	230.0	5.0	59.0	48.0
This study	unknown	is001h	is001	FS-FD:SO-NO	pmagpy-2.190	310.0	5.0	59.0	56.0
This study	unknown	is001i	is001	FS-FD:SO-NO	pmagpy-2.190	177.0	5.0	59.0	39.0
This study	unknown	is001j	is001	FS-FD:SO-NO	pmagpy-2.190	150.0	5.0	59.0	58.0
This study	unknown	is001k	is001	FS-FD:SO-NO	pmagpy-2.190	121.0	5.0	59.0	49.0
This study	unknown	is001l	is001	FS-FD:SO-NO	pmagpy-2.190	249.0	5.0	59.0	45.0
This study	unknown	is001m	is001	FS-FD:SO-NO	pmagpy-2.190	296.0	5.0	59.0	51.0
This study	unknown	is001n	is001	FS-FD:SO-NO	pmagpy-2.190	287.0	5.0	59.0	57.0
This study	unknown	is001o	is001	FS-FD:SO-NO	pmagpy-2.190	238.0	5.0	59.0	34.0
This study	unknown	is001p	is001	FS-FD:SO-NO	pmagpy-2.190	220.0	5.0	59.0	35.0
This study	unknown	is002a	is002	FS-FD:SO-NO	pmagpy-2.190	280.0	5.0	59.0	34.0
This study	unknown	is002b	is002	FS-FD:SO-NO	pmagpy-2.190	329.0	5.0	59.0	39.0
This study	unknown	is002c	is002	FS-FD:SO-NO	pmagpy-2.190	249.0	5.0	59.0	82.0
This study	unknown	is002d	is002	FS-FD:SO-NO	pmagpy-2.190	249.0	5.0	59.0	83.0
This study	unknown	is002e	is002	FS-FD:SO-NO	pmagpy-2.190	262.0	5.0	59.0	78.0
This study	unknown	is002f	is002	FS-FD:SO-NO	pmagpy-2.190	314.0	5.0	59.0	90.0
This study	unknown	is002g	is002	FS-FD:SO-NO	pmagpy-2.190	81.0	5.0	59.0	51.0
This study	unknown	is002h	is002	FS-FD:SO-NO	pmagpy-2.190	86.0	5.0	59.0	81.0
This study	unknown	is002i	is002	FS-FD:SO-NO	pmagpy-2.190	83.0	5.0	59.0	87.0
This study	unknown	is002j	is002	FS-FD:SO-NO	pmagpy-2.190	79.0	5.0	59.0	26.0
This study	unknown	is002k	is002	FS-FD:SO-NO	pmagpy-2.190	134.0	5.0	59.0	72.0
This study	unknown	is003a	is003	FS-FD:SO-NO	pmagpy-2.190	292.0	5.0	59.0	47.0
This study	unknown	is003b	is003	FS-FD:SO-NO	pmagpy-2.190	257.0	5.0	59.0	66.0
This study	unknown	is003c	is003	FS-FD:SO-NO	pmagpy-2.190	212.0	5.0	59.0	71.0
This study	unknown	is003d	is003	FS-FD:SO-NO	pmagpy-2.190	233.0	5.0	59.0	65.0
This study	unknown	is003e	is003	FS-FD:SO-NO	pmagpy-2.190	185.0	5.0	59.0	69.0
This study	unknown	is003f	is003	FS-FD:SO-NO	pmagpy-2.190	242.0	5.0	59.0	69.0
This study	unknown	is003g	is003	FS-FD:SO-NO	pmagpy-2.190	242.0	5.0	59.0	73.0
This study	unknown	is003h	is003	FS-FD:SO-NO	pmagpy-2.190	298.0	5.0	59.0	22.0
This study	unknown	is003i	is003	FS-FD:SO-NO	pmagpy-2.190	329.0	5.0	59.0	38.0
This study	unknown	is003j	is003	FS-FD:SO-NO	pmagpy-2.190	330.0	5.0	59.0	41.0
This study	unknown	is004a	is004	FS-FD:SO-NO	pmagpy-2.190	260.0	5.0	59.0	56.0
This study	unknown	is004b	is004	FS-FD:SO-NO	pmagpy-2.190	269.0	5.0	59.0	44.0
This study	unknown	is004c	is004	FS-FD:SO-NO	pmagpy-2.190	326.0	5.0	59.0	51.0
This study	unknown	is004d	is004	FS-FD:SO-NO	pmagpy-2.190	271.0	5.0	59.0	69.0
This study	unknown	is004e	is004	FS-FD:SO-NO	pmagpy-2.190	320.0	5.0	59.0	63.0
This study	unknown	is004f	is004	FS-FD:SO-NO	pmagpy-2.190	311.0	5.0	59.0	104.0
This study	unknown	is005a	is005	FS-FD:SO-NO	pmagpy-2.190	237.0	5.0	59.0	55.0
This study	unknown	is005b	is005	FS-FD:SO-NO	pmagpy-2.190	307.0	5.0	59.0	62.0
This study	unknown	is005c	is005	FS-FD:SO-NO	pmagpy-2.190	307.0	5.0	59.0	71.0
This study	unknown	is005d	is005	FS-FD:SO-NO	pmagpy-2.190	195.0	5.0	59.0	77.0
This study	unknown	is005e	is005	FS-FD:SO-NO	pmagpy-2.190	197.0	5.0	59.0	85.0
This study	unknown	is005f	is005	FS-FD:SO-NO	pmagpy-2.190	222.0	5.0	59.0	42.0
This study	unknown	is005g	is005	FS-FD:SO-NO	pmagpy-2.190	188.0	5.0	59.0	60.0
This study	unknown	is005h	is005	FS-FD:SO-NO	pmagpy-2.190	202.0	5.0	59.0	51.0
This study	unknown	is005i	is005	FS-FD:SO-NO	pmagpy-2.190	219.0	5.0	59.0	51.0
This study	unknown	is006a	is006	FS-FD:SO-NO	pmagpy-2.190	292.0	5.0	59.0	68.0
This study	unknown	is006b	is006	FS-FD:SO-NO	pmagpy-2.190	259.0	5.0	59.0	77.0
This study	unknown	is006c	is006	FS-FD:SO-NO	pmagpy-2.190	288.0	5.0	59.0	77.0
This study	unknown	is006d	is006	FS-FD:SO-NO	pmagpy-2.190	5.0	5.0	59.0	57.0
This study	unknown	is006e	is006	FS-FD:SO-NO	pmagpy-2.190	333.0	5.0	59.0	56.0
This study	unknown	is006f	is006	FS-FD:SO-NO	pmagpy-2.190	280.0	5.0	59.0	77.0
This study	unknown	is006g	is006	FS-FD:SO-NO	pmagpy-2.190	234.0	5.0	59.0	52.0
This study	unknown	is006h	is006	FS-FD:SO-NO	pmagpy-2.190	279.0	5.0	59.0	63.0
This study	unknown	is006i	is006	FS-FD:SO-NO	pmagpy-2.190	202.0	5.0	59.0	54.0
This study	unknown	is006j	is006	FS-FD:SO-NO	pmagpy-2.190	207.0	5.0	59.0	3.0
This study	unknown	is006k	is006	FS-FD:SO-NO	pmagpy-2.190	267.0	5.0	59.0	71.0
This study	unknown	is006l	is006	FS-FD:SO-NO	pmagpy-2.190	272.0	5.0	59.0	80.0
This study	unknown	is007a	is007	FS-FD:SO-NO	pmagpy-2.190	248.0	5.0	59.0	34.0
This study	unknown	is007b	is007	FS-FD:SO-NO	pmagpy-2.190	268.0	5.0	59.0	70.0
This study	unknown	is007c	is007	FS-FD:SO-NO	pmagpy-2.190	322.0	5.0	59.0	69.0
This study	unknown	is007d	is007	FS-FD:SO-NO	pmagpy-2.190	261.0	5.0	59.0	38.0
This study	unknown	is007e	is007	FS-FD:SO-NO	pmagpy-2.190	279.0	5.0	59.0	54.0
This study	unknown	is007f	is007	FS-FD:SO-NO	pmagpy-2.190	263.0	5.0	59.0	56.0
This study	unknown	is007g	is007	FS-FD:SO-NO	pmagpy-2.190	240.0	5.0	59.0	47.0
This study	unknown	is007h	is007	FS-FD:SO-NO	pmagpy-2.190	260.0	5.0	59.0	76.0
This study	unknown	is007i	is007	FS-FD:SO-NO	pmagpy-2.190	220.0	5.0	59.0	78.0
This study	unknown	is007j	is007	FS-FD:SO-NO	pmagpy-2.190	233.0	5.0	59.0	41.0
This study	unknown	is007k	is007	FS-FD:SO-NO	pmagpy-2.190	213.0	5.0	59.0	44.0
This study	unknown	is008a	is008	FS-FD:SO-NO	pmagpy-2.190	245.0	5.0	59.0	73.0
This study	unknown	is008b	is008	FS-FD:SO-NO	pmagpy-2.190	263.0	5.0	59.0	55.0
This study	unknown	is008c	is008	FS-FD:SO-NO	pmagpy-2.190	245.0	5.0	59.0	31.0
This study	unknown	is008d	is008	FS-FD:SO-NO	pmagpy-2.190	233.0	5.0	59.0	59.0
This study	unknown	is008e	is008	FS-FD:SO-NO	pmagpy-2.190	295.0	5.0	59.0	72.0
This study	unknown	is008f	is008	FS-FD:SO-NO	pmagpy-2.190	227.0	5.0	59.0	69.0
This study	unknown	is008g	is008	FS-FD:SO-NO	pmagpy-2.190	268.0	5.0	59.0	72.0
This study	unknown	is008h	is008	FS-FD:SO-NO	pmagpy-2.190	221.0	5.0	59.0	51.0
This study	unknown	is008i	is008	FS-FD:SO-NO	pmagpy-2.190	224.0	5.0	59.0	59.0
This study	unknown	is009a	is009	FS-FD:SO-NO	pmagpy-2.190	301.0	5.0	59.0	88.0
This study	unknown	is009b	is009	FS-FD:SO-NO	pmagpy-2.190	246.0	5.0	59.0	81.0
This study	unknown	is009c	is009	FS-FD:SO-NO	pmagpy-2.190	292.0	5.0	59.0	74.0
This study	unknown	is009d	is009	FS-FD:SO-NO	pmagpy-2.190	254.0	5.0	59.0	67.0
This study	unknown	is009e	is009	FS-FD:SO-NO	pmagpy-2.190	229.0	5.0	59.0	83.0
This study	unknown	is009f	is009	FS-FD:SO-NO	pmagpy-2.190	232.0	5.0	59.0	64.0
This study	unknown	is009g	is009	FS-FD:SO-NO	pmagpy-2.190	213.0	5.0	59.0	75.0
This study	unknown	is009h	is009	FS-FD:SO-NO	pmagpy-2.190	213.0	5.0	59.0	56.0
This study	unknown	is009i	is009	FS-FD:SO-NO	pmagpy-2.190	199.0	5.0	59.0	33.0
This study	unknown	is009j	is009	FS-FD:SO-NO	pmagpy-2.190	201.0	5.0	59.0	29.0
This study	unknown	is010a	is010	FS-FD:SO-NO	pmagpy-2.190	229.0	5.0	59.0	82.0
This study	unknown	is010b	is010	FS-FD:SO-NO	pmagpy-2.190	193.0	5.0	59.0	89.0
This study	unknown	is010c	is010	FS-FD:SO-NO	pmagpy-2.190	246.0	5.0	59.0	53.0
This study	unknown	is010d	is010	FS-FD:SO-NO	pmagpy-2.190	199.0	5.0	59.0	70.0
This study	unknown	is010e	is010	FS-FD:SO-NO	pmagpy-2.190	156.0	5.0	59.0	66.0
This study	unknown	is010f	is010	FS-FD:SO-NO	pmagpy-2.190	151.0	5.0	59.0	78.0
This study	unknown	is010g	is010	FS-FD:SO-NO	pmagpy-2.190	281.0	5.0	59.0	67.0
This study	unknown	is010h	is010	FS-FD:SO-NO	pmagpy-2.190	227.0	5.0	59.0	82.0
This study	unknown	is010i	is010	FS-FD:SO-NO	pmagpy-2.190	158.0	5.0	59.0	64.0
This study	unknown	is010j	is010	FS-FD:SO-NO	pmagpy-2.190	232.0	5.0	59.0	19.0
This study	unknown	is010k	is010	FS-FD:SO-NO	pmagpy-2.190	220.0	5.0	59.0	65.0
This study	unknown	is011a	is011	FS-FD:SO-NO	pmagpy-2.190	268.0	5.0	59.0	83.0
This study	unknown	is011b	is011	FS-FD:SO-NO	pmagpy-2.190	284.0	5.0	59.0	85.0
This study	unknown	is011c	is011	FS-FD:SO-NO	pmagpy-2.190	271.0	5.0	59.0	82.0
This study	unknown	is011d	is011	FS-FD:SO-NO	pmagpy-2.190	155.0	5.0	59.0	78.0
This study	unknown	is011e	is011	FS-FD:SO-NO	pmagpy-2.190	271.0	5.0	59.0	85.0
This study	unknown	is011f	is011	FS-FD:SO-NO	pmagpy-2.190	262.0	5.0	59.0	69.0
This study	unknown	is011g	is011	FS-FD:SO-NO	pmagpy-2.190	258.0	5.0	59.0	68.0
This study	unknown	is011h	is011	FS-FD:SO-NO	pmagpy-2.190	192.0	5.0	59.0	83.0
This study	unknown	is011i	is011	FS-FD:SO-NO	pmagpy-2.190	313.0	5.0	59.0	86.0
This study	unknown	is011j	is011	FS-FD:SO-NO	pmagpy-2.190	274.0	5.0	59.0	74.0
This study	unknown	is011k	is011	FS-FD:SO-NO	pmagpy-2.190	234.0	5.0	59.0	90.0
This study	unknown	is011l	is011	FS-FD:SO-NO	pmagpy-2.190	160.0	5.0	59.0	45.0
This study	unknown	is011m	is011	FS-FD:SO-NO	pmagpy-2.190	163.0	5.0	59.0	60.0
This study	unknown	is011n	is011	FS-FD:SO-NO	pmagpy-2.190	229.0	5.0	59.0	62.0
This study	unknown	is011o	is011	FS-FD:SO-NO	pmagpy-2.190	250.0	5.0	59.0	45.0
This study	unknown	is011p	is011	FS-FD:SO-NO	pmagpy-2.190	256.0	5.0	59.0	9.0
This study	unknown	is011q	is011	FS-FD:SO-NO	pmagpy-2.190	213.0	5.0	59.0	43.0
This study	unknown	is012a	is012	FS-FD:SO-NO	pmagpy-2.190	234.0	5.0	59.0	80.0
This study	unknown	is012b	is012	FS-FD:SO-NO	pmagpy-2.190	143.0	5.0	59.0	77.0
This study	unknown	is012c	is012	FS-FD:SO-NO	pmagpy-2.190	126.0	5.0	59.0	57.0
This study	unknown	is012d	is012	FS-FD:SO-NO	pmagpy-2.190	191.0	5.0	59.0	36.0
This study	unknown	is012e	is012	FS-FD:SO-NO	pmagpy-2.190	149.0	5.0	59.0	71.0
This study	unknown	is012f	is012	FS-FD:SO-NO	pmagpy-2.190	190.0	5.0	59.0	29.0
This study	unknown	is012g	is012	FS-FD:SO-NO	pmagpy-2.190	194.0	5.0	59.0	66.0
This study	unknown	is012h	is012	FS-FD:SO-NO	pmagpy-2.190	184.0	5.0	59.0	40.0
This study	unknown	is012i	is012	FS-FD:SO-NO	pmagpy-2.190	194.0	5.0	59.0	24.0
This study	unknown	is013a	is013	FS-FD:SO-NO	pmagpy-2.190	225.0	5.0	59.0	85.0
This study	unknown	is013b	is013	FS-FD:SO-NO	pmagpy-2.190	205.0	5.0	59.0	76.0
This study	unknown	is013c	is013	FS-FD:SO-NO	pmagpy-2.190	189.0	5.0	59.0	58.0
This study	unknown	is013d	is013	FS-FD:SO-NO	pmagpy-2.190	245.0	5.0	59.0	61.0
This study	unknown	is013e	is013	FS-FD:SO-NO	pmagpy-2.190	265.0	5.0	59.0	57.0
This study	unknown	is013f	is013	FS-FD:SO-NO	pmagpy-2.190	197.0	5.0	59.0	78.0
This study	unknown	is013g	is013	FS-FD:SO-NO	pmagpy-2.190	224.0	5.0	59.0	49.0
This study	unknown	is013h	is013	FS-FD:SO-NO	pmagpy-2.190	234.0	5.0	59.0	61.0
This study	unknown	is013i	is013	FS-FD:SO-NO	pmagpy-2.190	226.0	5.0	59.0	67.0
This study	unknown	is014a	is014	FS-FD:SO-NO	pmagpy-2.190	247.0	5.0	59.0	63.0
This study	unknown	is014b	is014	FS-FD:SO-NO	pmagpy-2.190	200.0	5.0	59.0	75.0
This study	unknown	is014c	is014	FS-FD:SO-NO	pmagpy-2.190	276.0	5.0	59.0	93.0
This study	unknown	is014d	is014	FS-FD:SO-NO	pmagpy-2.190	184.0	5.0	59.0	93.0
This study	unknown	is014e	is014	FS-FD:SO-NO	pmagpy-2.190	183.0	5.0	59.0	86.0
This study	unknown	is014f	is014	FS-FD:SO-NO	pmagpy-2.190	198.0	5.0	59.0	78.0
This study	unknown	is014g	is014	FS-FD:SO-NO	pmagpy-2.190	267.0	5.0	59.0	92.0
This study	unknown	is014h	is014	FS-FD:SO-NO	pmagpy-2.190	187.0	5.0	59.0	82.0
This study	unknown	is014i	is014	FS-FD:SO-NO	pmagpy-2.190	260.0	5.0	59.0	67.0
This study	unknown	is014j	is014	FS-FD:SO-NO	pmagpy-2.190	266.0	5.0	59.0	72.0
This study	unknown	is014k	is014	FS-FD:SO-NO	pmagpy-2.190	241.0	5.0	59.0	21.0
This study	unknown	is014m	is014	FS-FD:SO-NO	pmagpy-2.190	139.0	5.0	59.0	42.0
This study	unknown	is014n	is014	FS-FD:SO-NO	pmagpy-2.190	199.0	5.0	59.0	6.0
This study	unknown	is014o	is014	FS-FD:SO-NO	pmagpy-2.190	240.0	5.0	59.0	17.0
This study	unknown	is014p	is014	FS-FD:SO-NO	pmagpy-2.190	257.0	5.0	59.0	33.0
This study	unknown	is015a	is015	FS-FD:SO-NO	pmagpy-2.190	230.0	5.0	59.0	40.0
This study	unknown	is015b	is015	FS-FD:SO-NO	pmagpy-2.190	226.0	5.0	59.0	47.0
This study	unknown	is015c	is015	FS-FD:SO-NO	pmagpy-2.190	235.0	5.0	59.0	30.0
This study	unknown	is015d	is015	FS-FD:SO-NO	pmagpy-2.190	222.0	5.0	59.0	59.0
This study	unknown	is015e	is015	FS-FD:SO-NO	pmagpy-2.190	260.0	5.0	59.0	67.0
This study	unknown	is015f	is015	FS-FD:SO-NO	pmagpy-2.190	242.0	5.0	59.0	25.0
This study	unknown	is015g	is015	FS-FD:SO-NO	pmagpy-2.190	219.0	5.0	59.0	32.0
This study	unknown	is015h	is015	FS-FD:SO-NO	pmagpy-2.190	237.0	5.0	59.0	59.0
This study	unknown	is016a	is016	FS-FD:SO-NO	pmagpy-2.190	298.0	5.0	59.0	47.0
This study	unknown	is016b	is016	FS-FD:SO-NO	pmagpy-2.190	301.0	5.0	59.0	46.0
This study	unknown	is016c	is016	FS-FD:SO-NO	pmagpy-2.190	279.0	5.0	59.0	72.0
This study	unknown	is016d	is016	FS-FD:SO-NO	pmagpy-2.190	313.0	5.0	59.0	69.0
This study	unknown	is016e	is016	FS-FD:SO-NO	pmagpy-2.190	275.0	5.0	59.0	61.0
This study	unknown	is016f	is016	FS-FD:SO-NO	pmagpy-2.190	223.0	5.0	59.0	68.0
This study	unknown	is016g	is016	FS-FD:SO-NO	pmagpy-2.190	213.0	5.0	59.0	71.0
This study	unknown	is016h	is016	FS-FD:SO-NO	pmagpy-2.190	227.0	5.0	59.0	63.0
This study	unknown	is016i	is016	FS-FD:SO-NO	pmagpy-2.190	178.0	5.0	59.0	22.0
This study	unknown	is016j	is016	FS-FD:SO-NO	pmagpy-2.190	223.0	5.0	59.0	15.0
This study	unknown	is016k	is016	FS-FD:SO-NO	pmagpy-2.190	224.0	5.0	59.0	22.0
This study	unknown	is017a	is017	FS-FD:SO-NO	pmagpy-2.190	256.0	5.0	59.0	51.0
This study	unknown	is017c	is017	FS-FD:SO-NO	pmagpy-2.190	221.0	5.0	59.0	41.0
This study	unknown	is017d	is017	FS-FD:SO-NO	pmagpy-2.190	205.0	5.0	59.0	67.0
This study	unknown	is017e	is017	FS-FD:SO-NO	pmagpy-2.190	268.0	5.0	59.0	67.0
This study	unknown	is017f	is017	FS-FD:SO-NO	pmagpy-2.190	277.0	5.0	59.0	67.0
This study	unknown	is017g	is017	FS-FD:SO-NO	pmagpy-2.190	289.0	5.0	59.0	64.0
This study	unknown	is017h	is017	FS-FD:SO-NO	pmagpy-2.190	284.0	5.0	59.0	69.0
This study	unknown	is017i	is017	FS-FD:SO-NO	pmagpy-2.190	300.0	5.0	59.0	56.0
This study	unknown	is017j	is017	FS-FD:SO-NO	pmagpy-2.190	254.0	5.0	59.0	31.0
This study	unknown	is017k	is017	FS-FD:SO-NO	pmagpy-2.190	252.0	5.0	59.0	35.0
This study	unknown	is017l	is017	FS-FD:SO-NO	pmagpy-2.190	256.0	5.0	59.0	38.0
This study	unknown	is018a	is018	FS-FD:SO-NO	pmagpy-2.190	204.0	5.0	59.0	59.0
This study	unknown	is018b	is018	FS-FD:SO-NO	pmagpy-2.190	222.0	5.0	59.0	81.0
This study	unknown	is018c	is018	FS-FD:SO-NO	pmagpy-2.190	249.0	5.0	59.0	49.0
This study	unknown	is018d	is018	FS-FD:SO-NO	pmagpy-2.190	206.0	5.0	59.0	54.0
This study	unknown	is018e	is018	FS-FD:SO-NO	pmagpy-2.190	194.0	5.0	59.0	73.0
This study	unknown	is018f	is018	FS-FD:SO-NO	pmagpy-2.190	142.0	5.0	59.0	84.0
This study	unknown	is018g	is018	FS-FD:SO-NO	pmagpy-2.190	302.0	5.0	59.0	80.0
This study	unknown	is018h	is018	FS-FD:SO-NO	pmagpy-2.190	262.0	5.0	59.0	66.0
This study	unknown	is018i	is018	FS-FD:SO-NO	pmagpy-2.190	230.0	5.0	59.0	53.0
This study	unknown	is018j	is018	FS-FD:SO-NO	pmagpy-2.190	262.0	5.0	59.0	13.0
This study	unknown	is018k	is018	FS-FD:SO-NO	pmagpy-2.190	206.0	5.0	59.0	18.0
This study	unknown	is019a	is019	FS-FD:SO-NO	pmagpy-2.190	224.0	5.0	59.0	78.0
This study	unknown	is019b	is019	FS-FD:SO-NO	pmagpy-2.190	171.0	5.0	59.0	57.0
This study	unknown	is019c	is019	FS-FD:SO-NO	pmagpy-2.190	165.0	5.0	59.0	54.0
This study	unknown	is019d	is019	FS-FD:SO-NO	pmagpy-2.190	183.0	5.0	59.0	67.0
This study	unknown	is019e	is019	FS-FD:SO-NO	pmagpy-2.190	254.0	5.0	59.0	38.0
This study	unknown	is019f	is019	FS-FD:SO-NO	pmagpy-2.190	240.0	5.0	59.0	84.0
This study	unknown	is020a	is020	FS-FD:SO-NO	pmagpy-2.190	206.0	5.0	59.0	62.0
This study	unknown	is020b	is020	FS-FD:SO-NO	pmagpy-2.190	232.0	5.0	59.0	54.0
This study	unknown	is020c	is020	FS-FD:SO-NO	pmagpy-2.190	209.0	5.0	59.0	80.0
This study	unknown	is020d	is020	FS-FD:SO-NO	pmagpy-2.190	190.0	5.0	59.0	78.0
This study	unknown	is020e	is020	FS-FD:SO-NO	pmagpy-2.190	257.0	5.0	59.0	74.0
This study	unknown	is020f	is020	FS-FD:SO-NO	pmagpy-2.190	259.0	5.0	59.0	78.0
This study	unknown	is020g	is020	FS-FD:SO-NO	pmagpy-2.190	231.0	5.0	59.0	47.0
This study	unknown	is020h	is020	FS-FD:SO-NO	pmagpy-2.190	225.0	5.0	59.0	59.0
This study	unknown	is021a	is021	FS-FD:SO-NO	pmagpy-2.190	219.0	5.0	59.0	56.0
This study	unknown	is021b	is021	FS-FD:SO-NO	pmagpy-2.190	191.0	5.0	59.0	78.0
This study	unknown	is021c	is021	FS-FD:SO-NO	pmagpy-2.190	207.0	5.0	59.0	62.0
This study	unknown	is021d	is021	FS-FD:SO-NO	pmagpy-2.190	255.0	5.0	59.0	73.0
This study	unknown	is021e	is021	FS-FD:SO-NO	pmagpy-2.190	271.0	5.0	59.0	77.0
This study	unknown	is021f	is021	FS-FD:SO-NO	pmagpy-2.190	234.0	5.0	59.0	75.0
This study	unknown	is021g	is021	FS-FD:SO-NO	pmagpy-2.190	206.0	5.0	59.0	80.0
This study	unknown	is021h	is021	FS-FD:SO-NO	pmagpy-2.190	215.0	5.0	59.0	58.0
This study	unknown	is021i	is021	FS-FD:SO-NO	pmagpy-2.190	192.0	5.0	59.0	80.0
This study	unknown	is021j	is021	FS-FD:SO-NO	pmagpy-2.190	197.0	5.0	59.0	31.0
This study	unknown	is021k	is021	FS-FD:SO-NO	pmagpy-2.190	205.0	5.0	59.0	34.0
This study	unknown	is022a	is022	FS-FD:SO-NO	pmagpy-2.190	238.0	5.0	59.0	71.0
This study	unknown	is022b	is022	FS-FD:SO-NO	pmagpy-2.190	222.0	5.0	59.0	67.0
This study	unknown	is022c	is022	FS-FD:SO-NO	pmagpy-2.190	201.0	5.0	59.0	63.0
This study	unknown	is022d	is022	FS-FD:SO-NO	pmagpy-2.190	165.0	5.0	59.0	89.0
This study	unknown	is022e	is022	FS-FD:SO-NO	pmagpy-2.190	200.0	5.0	59.0	80.0
This study	unknown	is022f	is022	FS-FD:SO-NO	pmagpy-2.190	257.0	5.0	59.0	57.0
This study	unknown	is022g	is022	FS-FD:SO-NO	pmagpy-2.190	256.0	5.0	59.0	101.0
This study	unknown	is022h	is022	FS-FD:SO-NO	pmagpy-2.190	203.0	5.0	59.0	94.0
This study	unknown	is022i	is022	FS-FD:SO-NO	pmagpy-2.190	243.0	5.0	59.0	72.0
This study	unknown	is022j	is022	FS-FD:SO-NO	pmagpy-2.190	258.0	5.0	59.0	64.0
This study	unknown	is023a	is023	FS-FD:SO-NO	pmagpy-2.190	183.0	5.0	59.0	82.0
This study	unknown	is023b	is023	FS-FD:SO-NO	pmagpy-2.190	176.0	5.0	59.0	90.0
This study	unknown	is023c	is023	FS-FD:SO-NO	pmagpy-2.190	215.0	5.0	59.0	79.0
This study	unknown	is023d	is023	FS-FD:SO-NO	pmagpy-2.190	212.0	5.0	59.0	75.0
This study	unknown	is023e	is023	FS-FD:SO-NO	pmagpy-2.190	243.0	5.0	59.0	60.0
This study	unknown	is023g	is023	FS-FD:SO-NO	pmagpy-2.190	240.0	5.0	59.0	87.0
This study	unknown	is023h	is023	FS-FD:SO-NO	pmagpy-2.190	283.0	5.0	59.0	3.0
This study	unknown	is023i	is023	FS-FD:SO-NO	pmagpy-2.190	187.0	5.0	59.0	77.0
This study	unknown	is023j	is023	FS-FD:SO-NO	pmagpy-2.190	221.0	5.0	59.0	93.0
This study	unknown	is023k	is023	FS-FD:SO-NO	pmagpy-2.190	212.0	5.0	59.0	87.0
This study	unknown	is023l	is023	FS-FD:SO-NO	pmagpy-2.190	194.0	5.0	59.0	60.0
This study	unknown	is023m	is023	FS-FD:SO-NO	pmagpy-2.190	234.0	5.0	59.0	78.0
This study	unknown	is024a	is024	FS-FD:SO-NO	pmagpy-2.190	283.0	5.0	59.0	25.0
This study	unknown	is024b	is024	FS-FD:SO-NO	pmagpy-2.190	226.0	5.0	59.0	77.0
This study	unknown	is024c	is024	FS-FD:SO-NO	pmagpy-2.190	220.0	5.0	59.0	87.0
This study	unknown	is024d	is024	FS-FD:SO-NO	pmagpy-2.190	275.0	5.0	59.0	60.0
This study	unknown	is024e	is024	FS-FD:SO-NO	pmagpy-2.190	216.0	5.0	59.0	72.0
This study	unknown	is024f	is024	FS-FD:SO-NO	pmagpy-2.190	261.0	5.0	59.0	98.0
This study	unknown	is024g	is024	FS-FD:SO-NO	pmagpy-2.190	215.0	5.0	59.0	92.0
This study	unknown	is024h	is024	FS-FD:SO-NO	pmagpy-2.190	221.0	5.0	59.0	83.0
This study	unknown	is024i	is024	FS-FD:SO-NO	pmagpy-2.190	193.0	5.0	59.0	70.0
This study	unknown	is024j	is024	FS-FD:SO-NO	pmagpy-2.190	238.0	5.0	59.0	51.0
This study	unknown	is024k	is024	FS-FD:SO-NO	pmagpy-2.190	238.0	5.0	59.0	51.0
This study	unknown	is024l	is024	FS-FD:SO-NO	pmagpy-2.190	241.0	5.0	59.0	36.0
This study	unknown	is024m	is024	FS-FD:SO-NO	pmagpy-2.190	278.0	5.0	59.0	92.0
This study	unknown	is024n	is024	FS-FD:SO-NO	pmagpy-2.190	272.0	5.0	59.0	90.0
This study	unknown	is024o	is024	FS-FD:SO-NO	pmagpy-2.190	285.0	5.0	59.0	87.0
This study	unknown	is024p	is024	FS-FD:SO-NO	pmagpy-2.190	267.0	5.0	59.0	97.0
This study	unknown	is025a	is025	FS-FD:SO-NO	pmagpy-2.190	182.0	5.0	59.0	17.0
This study	unknown	is025b	is025	FS-FD:SO-NO	pmagpy-2.190	247.0	5.0	59.0	65.0
This study	unknown	is025c	is025	FS-FD:SO-NO	pmagpy-2.190	183.0	5.0	59.0	61.0
This study	unknown	is025d	is025	FS-FD:SO-NO	pmagpy-2.190	219.0	5.0	59.0	56.0
This study	unknown	is025e	is025	FS-FD:SO-NO	pmagpy-2.190	224.0	5.0	59.0	59.0
This study	unknown	is025f	is025	FS-FD:SO-NO	pmagpy-2.190	250.0	5.0	59.0	71.0
This study	unknown	is025g	is025	FS-FD:SO-NO	pmagpy-2.190	208.0	5.0	59.0	30.0
This study	unknown	is026a	is026	FS-FD:SO-NO	pmagpy-2.190	282.0	5.0	59.0	97.0
This study	unknown	is026b	is026	FS-FD:SO-NO	pmagpy-2.190	239.0	5.0	59.0	85.0
This study	unknown	is026c	is026	FS-FD:SO-NO	pmagpy-2.190	265.0	5.0	59.0	74.0
This study	unknown	is026d	is026	FS-FD:SO-NO	pmagpy-2.190	192.0	5.0	59.0	95.0
This study	unknown	is026e	is026	FS-FD:SO-NO	pmagpy-2.190	168.0	5.0	59.0	79.0
This study	unknown	is026f	is026	FS-FD:SO-NO	pmagpy-2.190	156.0	5.0	59.0	78.0
This study	unknown	is026g	is026	FS-FD:SO-NO	pmagpy-2.190	168.0	5.0	59.0	84.0
This study	unknown	is026h	is026	FS-FD:SO-NO	pmagpy-2.190	140.0	5.0	59.0	82.0
This study	unknown	is026i	is026	FS-FD:SO-NO	pmagpy-2.190	119.0	5.0	59.0	74.0
This study	unknown	is026j	is026	FS-FD:SO-NO	pmagpy-2.190	130.0	5.0	59.0	74.0
This study	unknown	is027a	is027	FS-FD:SO-NO	pmagpy-2.190	286.0	5.0	59.0	56.0
This study	unknown	is027b	is027	FS-FD:SO-NO	pmagpy-2.190	319.0	5.0	59.0	28.0
This study	unknown	is027c	is027	FS-FD:SO-NO	pmagpy-2.190	226.0	5.0	59.0	54.0
This study	unknown	is027d	is027	FS-FD:SO-NO	pmagpy-2.190	290.0	5.0	59.0	31.0
This study	unknown	is027e	is027	FS-FD:SO-NO	pmagpy-2.190	233.0	5.0	59.0	51.0
This study	unknown	is027f	is027	FS-FD:SO-NO	pmagpy-2.190	276.0	5.0	59.0	82.0
This study	unknown	is027g	is027	FS-FD:SO-NO	pmagpy-2.190	215.0	5.0	59.0	60.0
This study	unknown	is027h	is027	FS-FD:SO-NO	pmagpy-2.190	248.0	5.0	59.0	71.0
This study	unknown	is027i	is027	FS-FD:SO-NO	pmagpy-2.190	211.0	5.0	59.0	65.0
This study	unknown	is027j	is027	FS-FD:SO-NO	pmagpy-2.190	228.0	5.0	59.0	90.0
This study	unknown	is028a	is028	FS-FD:SO-NO	pmagpy-2.190	230.0	5.0	59.0	38.0
This study	unknown	is028b	is028	FS-FD:SO-NO	pmagpy-2.190	272.0	5.0	59.0	73.0
This study	unknown	is028c	is028	FS-FD:SO-NO	pmagpy-2.190	259.0	5.0	59.0	47.0
This study	unknown	is028d	is028	FS-FD:SO-NO	pmagpy-2.190	293.0	5.0	59.0	99.0
This study	unknown	is028e	is028	FS-FD:SO-NO	pmagpy-2.190	248.0	5.0	59.0	88.0
This study	unknown	is028f	is028	FS-FD:SO-NO	pmagpy-2.190	220.0	5.0	59.0	111.0
This study	unknown	is028g	is028	FS-FD:SO-NO	pmagpy-2.190	255.0	5.0	59.0	85.0
This study	unknown	is028h	is028	FS-FD:SO-NO	pmagpy-2.190	200.0	5.0	59.0	97.0
This study	unknown	is028i	is028	FS-FD:SO-NO	pmagpy-2.190	169.0	5.0	59.0	32.0
This study	unknown	is028j	is028	FS-FD:SO-NO	pmagpy-2.190	232.0	5.0	59.0	75.0
This study	unknown	is028k	is028	FS-FD:SO-NO	pmagpy-2.190	236.0	5.0	59.0	58.0
This study	unknown	is028l	is028	FS-FD:SO-NO	pmagpy-2.190	223.0	5.0	59.0	60.0
This study	unknown	is028m	is028	FS-FD:SO-NO	pmagpy-2.190	219.0	5.0	59.0	40.0
This study	unknown	is028n	is028	FS-FD:SO-NO	pmagpy-2.190	215.0	5.0	59.0	49.0
This study	unknown	is028o	is028	FS-FD:SO-NO	pmagpy-2.190	149.0	5.0	59.0	31.0
This study	unknown	is028p	is028	FS-FD:SO-NO	pmagpy-2.190	150.0	5.0	59.0	51.0
This study	unknown	is028q	is028	FS-FD:SO-NO	pmagpy-2.190	182.0	5.0	59.0	70.0
This study	unknown	is028r	is028	FS-FD:SO-NO	pmagpy-2.190	168.0	5.0	59.0	73.0
This study	unknown	is028w	is028	FS-FD:SO-NO	pmagpy-2.190	264.0	5.0	59.0	84.0
This study	unknown	is029a	is029	FS-FD:SO-NO	pmagpy-2.190	252.0	5.0	59.0	64.0
This study	unknown	is029b	is029	FS-FD:SO-NO	pmagpy-2.190	241.0	5.0	59.0	54.0
This study	unknown	is029c	is029	FS-FD:SO-NO	pmagpy-2.190	251.0	5.0	59.0	58.0
This study	unknown	is029d	is029	FS-FD:SO-NO	pmagpy-2.190	218.0	5.0	59.0	44.0
This study	unknown	is029e	is029	FS-FD:SO-NO	pmagpy-2.190	232.0	5.0	59.0	59.0
This study	unknown	is029f	is029	FS-FD:SO-NO	pmagpy-2.190	219.0	5.0	59.0	88.0
This study	unknown	is030a	is030	FS-FD:SO-NO	pmagpy-2.190	232.0	5.0	59.0	75.0
This study	unknown	is030b	is030	FS-FD:SO-NO	pmagpy-2.190	222.0	5.0	59.0	74.0
This study	unknown	is030c	is030	FS-FD:SO-NO	pmagpy-2.190	256.0	5.0	59.0	62.0
This study	unknown	is030d	is030	FS-FD:SO-NO	pmagpy-2.190	255.0	5.0	59.0	72.0
This study	unknown	is030e	is030	FS-FD:SO-NO	pmagpy-2.190	249.0	5.0	59.0	63.0
This study	unknown	is030f	is030	FS-FD:SO-NO	pmagpy-2.190	187.0	5.0	59.0	74.0
This study	unknown	is030g	is030	FS-FD:SO-NO	pmagpy-2.190	240.0	5.0	59.0	61.0
This study	unknown	is030h	is030	FS-FD:SO-NO	pmagpy-2.190	206.0	5.0	59.0	63.0
This study	unknown	is030i	is030	FS-FD:SO-NO	pmagpy-2.190	197.0	5.0	59.0	64.0
This study	unknown	is031a	is031	FS-FD:SO-NO	pmagpy-2.190	261.0	5.0	59.0	70.0
This study	unknown	is031b	is031	FS-FD:SO-NO	pmagpy-2.190	191.0	5.0	59.0	15.0
This study	unknown	is031c	is031	FS-FD:SO-NO	pmagpy-2.190	255.0	5.0	59.0	74.0
This study	unknown	is031d	is031	FS-FD:SO-NO	pmagpy-2.190	253.0	5.0	59.0	74.0
This study	unknown	is031e	is031	FS-FD:SO-NO	pmagpy-2.190	256.0	5.0	59.0	70.0
This study	unknown	is031f	is031	FS-FD:SO-NO	pmagpy-2.190	195.0	5.0	59.0	80.0
This study	unknown	is031g	is031	FS-FD:SO-NO	pmagpy-2.190	200.0	5.0	59.0	82.0
This study	unknown	is031h	is031	FS-FD:SO-NO	pmagpy-2.190	200.0	5.0	59.0	67.0
This study	unknown	is032a	is032	FS-FD:SO-NO	pmagpy-2.190	197.0	5.0	59.0	85.0
This study	unknown	is032b	is032	FS-FD:SO-NO	pmagpy-2.190	197.0	5.0	59.0	61.0
This study	unknown	is032c	is032	FS-FD:SO-NO	pmagpy-2.190	183.0	5.0	59.0	71.0
This study	unknown	is032d	is032	FS-FD:SO-NO	pmagpy-2.190	180.0	5.0	59.0	63.0
This study	unknown	is032e	is032	FS-FD:SO-NO	pmagpy-2.190	179.0	5.0	59.0	76.0
This study	unknown	is032f	is032	FS-FD:SO-NO	pmagpy-2.190	141.0	5.0	59.0	55.0
This study	unknown	is032g	is032	FS-FD:SO-NO	pmagpy-2.190	288.0	5.0	59.0	67.0
This study	unknown	is032h	is032	FS-FD:SO-NO	pmagpy-2.190	308.0	5.0	59.0	65.0
This study	unknown	is032i	is032	FS-FD:SO-NO	pmagpy-2.190	277.0	5.0	59.0	92.0
This study	unknown	is033a	is033	FS-FD:SO-NO	pmagpy-2.190	188.0	5.0	59.0	63.0
This study	unknown	is033b	is033	FS-FD:SO-NO	pmagpy-2.190	271.0	5.0	59.0	98.0
This study	unknown	is033c	is033	FS-FD:SO-NO	pmagpy-2.190	214.0	5.0	59.0	75.0
This study	unknown	is033d	is033	FS-FD:SO-NO	pmagpy-2.190	316.0	5.0	59.0	72.0
This study	unknown	is033e	is033	FS-FD:SO-NO	pmagpy-2.190	293.0	5.0	59.0	59.0
This study	unknown	is033f	is033	FS-FD:SO-NO	pmagpy-2.190	290.0	5.0	59.0	55.0
This study	unknown	is033g	is033	FS-FD:SO-NO	pmagpy-2.190	193.0	5.0	59.0	60.0
This study	unknown	is033h	is033	FS-FD:SO-NO	pmagpy-2.190	251.0	5.0	59.0	61.0
This study	unknown	is034a	is034	FS-FD:SO-NO	pmagpy-2.190	271.0	5.0	59.0	63.0
This study	unknown	is034b	is034	FS-FD:SO-NO	pmagpy-2.190	275.0	5.0	59.0	71.0
This study	unknown	is034c	is034	FS-FD:SO-NO	pmagpy-2.190	249.0	5.0	59.0	78.0
This study	unknown	is034d	is034	FS-FD:SO-NO	pmagpy-2.190	203.0	5.0	59.0	61.0
This study	unknown	is034e	is034	FS-FD:SO-NO	pmagpy-2.190	171.0	5.0	59.0	72.0
This study	unknown	is034f	is034	FS-FD:SO-NO	pmagpy-2.190	243.0	5.0	59.0	65.0
This study	unknown	is034g	is034	FS-FD:SO-NO	pmagpy-2.190	246.0	5.0	59.0	60.0
This study	unknown	is034h	is034	FS-FD:SO-NO	pmagpy-2.190	177.0	5.0	59.0	74.0
This study	unknown	is034i	is034	FS-FD:SO-NO	pmagpy-2.190	232.0	5.0	59.0	69.0
This study	unknown	is034j	is034	FS-FD:SO-NO	pmagpy-2.190	246.0	5.0	59.0	69.0
This study	unknown	is034k	is034	FS-FD:SO-NO	pmagpy-2.190	259.0	5.0	59.0	61.0
This study	unknown	is034l	is034	FS-FD:SO-NO	pmagpy-2.190	239.0	5.0	59.0	39.0
This study	unknown	is035a	is035	FS-FD:SO-NO	pmagpy-2.190	231.0	5.0	59.0	81.0
This study	unknown	is035c	is035	FS-FD:SO-NO	pmagpy-2.190	227.0	5.0	59.0	88.0
This study	unknown	is035d	is035	FS-FD:SO-NO	pmagpy-2.190	270.0	5.0	59.0	48.0
This study	unknown	is035e	is035	FS-FD:SO-NO	pmagpy-2.190	234.0	5.0	59.0	57.0
This study	unknown	is035f	is035	FS-FD:SO-NO	pmagpy-2.190	276.0	5.0	59.0	75.0
This study	unknown	is035g	is035	FS-FD:SO-NO	pmagpy-2.190	199.0	5.0	59.0	52.0
This study	unknown	is035h	is035	FS-FD:SO-NO	pmagpy-2.190	214.0	5.0	59.0	63.0
This study	unknown	is036a	is036	FS-FD:SO-NO	pmagpy-2.190	169.0	5.0	59.0	70.0
This study	unknown	is036b	is036	FS-FD:SO-NO	pmagpy-2.190	227.0	5.0	59.0	75.0
This study	unknown	is036c	is036	FS-FD:SO-NO	pmagpy-2.190	233.0	5.0	59.0	56.0
This study	unknown	is036d	is036	FS-FD:SO-NO	pmagpy-2.190	215.0	5.0	59.0	39.0
This study	unknown	is036e	is036	FS-FD:SO-NO	pmagpy-2.190	215.0	5.0	59.0	78.0
This study	unknown	is036f	is036	FS-FD:SO-NO	pmagpy-2.190	211.0	5.0	59.0	71.0
This study	unknown	is036g	is036	FS-FD:SO-NO	pmagpy-2.190	211.0	5.0	59.0	69.0
This study	unknown	is036h	is036	FS-FD:SO-NO	pmagpy-2.190	201.0	5.0	59.0	63.0
This study	unknown	is037a	is037	FS-FD:SO-NO	pmagpy-2.190	256.0	5.0	59.0	63.0
This study	unknown	is037b	is037	FS-FD:SO-NO	pmagpy-2.190	257.0	5.0	59.0	78.0
This study	unknown	is037c	is037	FS-FD:SO-NO	pmagpy-2.190	220.0	5.0	59.0	72.0
This study	unknown	is037d	is037	FS-FD:SO-NO	pmagpy-2.190	250.0	5.0	59.0	85.0
This study	unknown	is037e	is037	FS-FD:SO-NO	pmagpy-2.190	233.0	5.0	59.0	80.0
This study	unknown	is037f	is037	FS-FD:SO-NO	pmagpy-2.190	202.0	5.0	59.0	73.0
This study	unknown	is037g	is037	FS-FD:SO-NO	pmagpy-2.190	180.0	5.0	59.0	73.0
This study	unknown	is037h	is037	FS-FD:SO-NO	pmagpy-2.190	234.0	5.0	59.0	94.0
This study	unknown	is037i	is037	FS-FD:SO-NO	pmagpy-2.190	191.0	5.0	59.0	29.0
This study	unknown	is038a	is038	FS-FD:SO-NO	pmagpy-2.190	212.0	5.0	59.0	66.0
This study	unknown	is038b	is038	FS-FD:SO-NO	pmagpy-2.190	220.0	5.0	59.0	63.0
This study	unknown	is038c	is038	FS-FD:SO-NO	pmagpy-2.190	219.0	5.0	59.0	57.0
This study	unknown	is038d	is038	FS-FD:SO-NO	pmagpy-2.190	232.0	5.0	59.0	65.0
This study	unknown	is038e	is038	FS-FD:SO-NO	pmagpy-2.190	173.0	5.0	59.0	57.0
This study	unknown	is039a	is039	FS-FD:SO-NO	pmagpy-2.190	222.0	5.0	59.0	71.0
This study	unknown	is039b	is039	FS-FD:SO-NO	pmagpy-2.190	289.0	5.0	59.0	82.0
This study	unknown	is039c	is039	FS-FD:SO-NO	pmagpy-2.190	208.0	5.0	59.0	66.0
This study	unknown	is039d	is039	FS-FD:SO-NO	pmagpy-2.190	143.0	5.0	59.0	64.0
This study	unknown	is039e	is039	FS-FD:SO-NO	pmagpy-2.190	171.0	5.0	59.0	66.0
This study	unknown	is039f	is039	FS-FD:SO-NO	pmagpy-2.190	161.0	5.0	59.0	66.0
This study	unknown	is039g	is039	FS-FD:SO-NO	pmagpy-2.190	164.0	5.0	59.0	62.0
This study	unknown	is039h	is039	FS-FD:SO-NO	pmagpy-2.190	163.0	5.0	59.0	77.0
This study	unknown	is039i	is039	FS-FD:SO-NO	pmagpy-2.190	93.0	5.0	59.0	75.0
This study	unknown	is040a	is040	FS-FD:SO-NO	pmagpy-2.190	212.0	5.0	59.0	35.0
This study	unknown	is040b	is040	FS-FD:SO-NO	pmagpy-2.190	243.0	5.0	59.0	43.0
This study	unknown	is040c	is040	FS-FD:SO-NO	pmagpy-2.190	240.0	5.0	59.0	57.0
This study	unknown	is040d	is040	FS-FD:SO-NO	pmagpy-2.190	203.0	5.0	59.0	43.0
This study	unknown	is040e	is040	FS-FD:SO-NO	pmagpy-2.190	224.0	5.0	59.0	29.0
This study	unknown	is040f	is040	FS-FD:SO-NO	pmagpy-2.190	187.0	5.0	59.0	33.0
This study	unknown	is040g	is040	FS-FD:SO-NO	pmagpy-2.190	180.0	5.0	59.0	35.0
This study	unknown	is040h	is040	FS-FD:SO-NO	pmagpy-2.190	303.0	5.0	59.0	85.0
This study	unknown	is040i	is040	FS-FD:SO-NO	pmagpy-2.190	283.0	5.0	59.0	79.0
This study	unknown	is040j	is040	FS-FD:SO-NO	pmagpy-2.190	203.0	5.0	59.0	78.0
This study	unknown	is041a	is041	FS-FD:SO-NO	pmagpy-2.190	243.0	5.0	59.0	70.0
This study	unknown	is041b	is041	FS-FD:SO-NO	pmagpy-2.190	247.0	5.0	59.0	67.0
This study	unknown	is041c	is041	FS-FD:SO-NO	pmagpy-2.190	179.0	5.0	59.0	73.0
This study	unknown	is041d	is041	FS-FD:SO-NO	pmagpy-2.190	222.0	5.0	59.0	81.0
This study	unknown	is041e	is041	FS-FD:SO-NO	pmagpy-2.190	209.0	5.0	59.0	60.0
This study	unknown	is041f	is041	FS-FD:SO-NO	pmagpy-2.190	250.0	5.0	59.0	60.0
This study	unknown	is041g	is041	FS-FD:SO-NO	pmagpy-2.190	267.0	5.0	59.0	82.0
This study	unknown	is041h	is041	FS-FD:SO-NO	pmagpy-2.190	341.0	5.0	59.0	41.0
This study	unknown	is041i	is041	FS-FD:SO-NO	pmagpy-2.190	273.0	5.0	59.0	55.0
This study	unknown	is041j	is041	FS-FD:SO-NO	pmagpy-2.190	299.0	5.0	59.0	22.0
This study	unknown	is041k	is041	FS-FD:SO-NO	pmagpy-2.190	220.0	5.0	59.0	50.0
This study	unknown	is041l	is041	FS-FD:SO-NO	pmagpy-2.190	212.0	5.0	59.0	61.0
This study	unknown	is041m	is041	FS-FD:SO-NO	pmagpy-2.190	241.0	5.0	59.0	39.0
This study	unknown	is041n	is041	FS-FD:SO-NO	pmagpy-2.190	261.0	5.0	59.0	41.0
This study	unknown	is042a	is042	FS-FD:SO-NO	pmagpy-2.190	228.0	5.0	59.0	49.0
This study	unknown	is042b	is042	FS-FD:SO-NO	pmagpy-2.190	220.0	5.0	59.0	31.0
This study	unknown	is042c	is042	FS-FD:SO-NO	pmagpy-2.190	242.0	5.0	59.0	17.0
This study	unknown	is042d	is042	FS-FD:SO-NO	pmagpy-2.190	215.0	5.0	59.0	60.0
This study	unknown	is042e	is042	FS-FD:SO-NO	pmagpy-2.190	208.0	5.0	59.0	72.0
This study	unknown	is042f	is042	FS-FD:SO-NO	pmagpy-2.190	231.0	5.0	59.0	65.0
This study	unknown	is042g	is042	FS-FD:SO-NO	pmagpy-2.190	236.0	5.0	59.0	50.0
This study	unknown	is042h	is042	FS-FD:SO-NO	pmagpy-2.190	234.0	5.0	59.0	28.0
This study	unknown	is043a	is043	FS-FD:SO-NO	pmagpy-2.190	258.0	5.0	59.0	34.0
This study	unknown	is043b	is043	FS-FD:SO-NO	pmagpy-2.190	188.0	5.0	59.0	36.0
This study	unknown	is043c	is043	FS-FD:SO-NO	pmagpy-2.190	253.0	5.0	59.0	15.0
This study	unknown	is043d	is043	FS-FD:SO-NO	pmagpy-2.190	200.0	5.0	59.0	40.0
This study	unknown	is043e	is043	FS-FD:SO-NO	pmagpy-2.190	271.0	5.0	59.0	18.0
This study	unknown	is043f	is043	FS-FD:SO-NO	pmagpy-2.190	234.0	5.0	59.0	52.0
This study	unknown	is043g	is043	FS-FD:SO-NO	pmagpy-2.190	272.0	5.0	59.0	61.0
This study	unknown	is044a	is044	FS-FD:SO-NO	pmagpy-2.190	260.0	5.0	59.0	64.0
This study	unknown	is044b	is044	FS-FD:SO-NO	pmagpy-2.190	183.0	5.0	59.0	91.0
This study	unknown	is044c	is044	FS-FD:SO-NO	pmagpy-2.190	188.0	5.0	59.0	79.0
This study	unknown	is044d	is044	FS-FD:SO-NO	pmagpy-2.190	217.0	5.0	59.0	78.0
This study	unknown	is044e	is044	FS-FD:SO-NO	pmagpy-2.190	196.0	5.0	59.0	25.0
This study	unknown	is045a	is045	FS-FD:SO-NO	pmagpy-2.190	192.0	5.0	59.0	19.0
This study	unknown	is045b	is045	FS-FD:SO-NO	pmagpy-2.190	249.0	5.0	59.0	71.0
This study	unknown	is045c	is045	FS-FD:SO-NO	pmagpy-2.190	220.0	5.0	59.0	55.0
This study	unknown	is045d	is045	FS-FD:SO-NO	pmagpy-2.190	209.0	5.0	59.0	51.0
This study	unknown	is045e	is045	FS-FD:SO-NO	pmagpy-2.190	212.0	5.0	59.0	34.0
This study	unknown	is045f	is045	FS-FD:SO-NO	pmagpy-2.190	228.0	5.0	59.0	30.0
This study	unknown	is045g	is045	FS-FD:SO-NO	pmagpy-2.190	190.0	5.0	59.0	39.0
This study	unknown	is046a	is046	FS-FD:SO-NO	pmagpy-2.190	182.0	5.0	59.0	46.0
This study	unknown	is046b	is046	FS-FD:SO-NO	pmagpy-2.190	206.0	5.0	59.0	51.0
This study	unknown	is046c	is046	FS-FD:SO-NO	pmagpy-2.190	260.0	5.0	59.0	68.0
This study	unknown	is046d	is046	FS-FD:SO-NO	pmagpy-2.190	216.0	5.0	59.0	61.0
This study	unknown	is046e	is046	FS-FD:SO-NO	pmagpy-2.190	255.0	5.0	59.0	26.0
This study	unknown	is046f	is046	FS-FD:SO-NO	pmagpy-2.190	235.0	5.0	59.0	62.0
This study	unknown	is047a	is047	FS-FD:SO-NO	pmagpy-2.190	116.0	5.0	59.0	70.0
This study	unknown	is047b	is047	FS-FD:SO-NO	pmagpy-2.190	198.0	5.0	59.0	82.0
This study	unknown	is047c	is047	FS-FD:SO-NO	pmagpy-2.190	182.0	5.0	59.0	55.0
This study	unknown	is047d	is047	FS-FD:SO-NO	pmagpy-2.190	179.0	5.0	59.0	28.0
This study	unknown	is047e	is047	FS-FD:SO-NO	pmagpy-2.190	173.0	5.0	59.0	59.0
This study	unknown	is047f	is047	FS-FD:SO-NO	pmagpy-2.190	160.0	5.0	59.0	69.0
This study	unknown	is047g	is047	FS-FD:SO-NO	pmagpy-2.190	135.0	5.0	59.0	32.0
This study	unknown	is047h	is047	FS-FD:SO-NO	pmagpy-2.190	237.0	5.0	59.0	39.0
This study	unknown	is047i	is047	FS-FD:SO-NO	pmagpy-2.190	244.0	5.0	59.0	53.0
This study	unknown	is048a	is048	FS-FD:SO-NO	pmagpy-2.190	148.0	5.0	59.0	59.0
This study	unknown	is048b	is048	FS-FD:SO-NO	pmagpy-2.190	174.0	5.0	59.0	24.0
This study	unknown	is048c	is048	FS-FD:SO-NO	pmagpy-2.190	249.0	5.0	59.0	29.0
This study	unknown	is048d	is048	FS-FD:SO-NO	pmagpy-2.190	216.0	5.0	59.0	64.0
This study	unknown	is048e	is048	FS-FD:SO-NO	pmagpy-2.190	249.0	5.0	59.0	91.0
This study	unknown	is048f	is048	FS-FD:SO-NO	pmagpy-2.190	170.0	5.0	59.0	70.0
This study	unknown	is048g	is048	FS-FD:SO-NO	pmagpy-2.190	225.0	5.0	59.0	47.0
This study	unknown	is048h	is048	FS-FD:SO-NO	pmagpy-2.190	221.0	5.0	59.0	61.0
This study	unknown	is048i	is048	FS-FD:SO-NO	pmagpy-2.190	203.0	5.0	59.0	72.0
This study	unknown	is049a	is049	FS-FD:SO-NO	pmagpy-2.190	146.0	5.0	59.0	56.0
This study	unknown	is049b	is049	FS-FD:SO-NO	pmagpy-2.190	241.0	5.0	59.0	37.0
This study	unknown	is049c	is049	FS-FD:SO-NO	pmagpy-2.190	285.0	5.0	59.0	74.0
This study	unknown	is049d	is049	FS-FD:SO-NO	pmagpy-2.190	170.0	5.0	59.0	63.0
This study	unknown	is049e	is049	FS-FD:SO-NO	pmagpy-2.190	247.0	5.0	59.0	61.0
This study	unknown	is049f	is049	FS-FD:SO-NO	pmagpy-2.190	206.0	5.0	59.0	30.0
This study	unknown	is049g	is049	FS-FD:SO-NO	pmagpy-2.190	249.0	5.0	59.0	60.0
This study	unknown	is049h	is049	FS-FD:SO-NO	pmagpy-2.190	272.0	5.0	59.0	35.0
This study	unknown	is049i	is049	FS-FD:SO-NO	pmagpy-2.190	230.0	5.0	59.0	56.0
This study	unknown	is050a	is050	FS-FD:SO-NO	pmagpy-2.190	184.0	5.0	59.0	22.0
This study	unknown	is050b	is050	FS-FD:SO-NO	pmagpy-2.190	229.0	5.0	59.0	48.0
This study	unknown	is050c	is050	FS-FD:SO-NO	pmagpy-2.190	189.0	5.0	59.0	16.0
This study	unknown	is050d	is050	FS-FD:SO-NO	pmagpy-2.190	241.0	5.0	59.0	60.0
This study	unknown	is050e	is050	FS-FD:SO-NO	pmagpy-2.190	216.0	5.0	59.0	32.0
This study	unknown	is050f	is050	FS-FD:SO-NO	pmagpy-2.190	239.0	5.0	59.0	56.0
This study	unknown	is050g	is050	FS-FD:SO-NO	pmagpy-2.190	205.0	5.0	59.0	43.0
This study	unknown	is050h	is050	FS-FD:SO-NO	pmagpy-2.190	152.0	5.0	59.0	42.0
This study	unknown	is051a	is051	FS-FD:SO-NO	pmagpy-2.190	163.0	5.0	59.0	73.0
This study	unknown	is051b	is051	FS-FD:SO-NO	pmagpy-2.190	168.0	5.0	59.0	67.0
This study	unknown	is051c	is051	FS-FD:SO-NO	pmagpy-2.190	276.0	5.0	59.0	77.0
This study	unknown	is051d	is051	FS-FD:SO-NO	pmagpy-2.190	251.0	5.0	59.0	42.0
This study	unknown	is051e	is051	FS-FD:SO-NO	pmagpy-2.190	235.0	5.0	59.0	76.0
This study	unknown	is051f	is051	FS-FD:SO-NO	pmagpy-2.190	199.0	5.0	59.0	51.0
This study	unknown	is051g	is051	FS-FD:SO-NO	pmagpy-2.190	212.0	5.0	59.0	50.0
This study	unknown	is051h	is051	FS-FD:SO-NO	pmagpy-2.190	196.0	5.0	59.0	63.0
This study	unknown	is051i	is051	FS-FD:SO-NO	pmagpy-2.190	292.0	5.0	59.0	79.0
This study	unknown	is051j	is051	FS-FD:SO-NO	pmagpy-2.190	228.0	5.0	59.0	52.0
This study	unknown	is052a	is052	FS-FD:SO-NO	pmagpy-2.190	211.0	5.0	59.0	71.0
This study	unknown	is052b	is052	FS-FD:SO-NO	pmagpy-2.190	194.0	5.0	59.0	67.0
This study	unknown	is052c	is052	FS-FD:SO-NO	pmagpy-2.190	231.0	5.0	59.0	32.0
This study	unknown	is052d	is052	FS-FD:SO-NO	pmagpy-2.190	213.0	5.0	59.0	64.0
This study	unknown	is052e	is052	FS-FD:SO-NO	pmagpy-2.190	221.0	5.0	59.0	67.0
This study	unknown	is052f	is052	FS-FD:SO-NO	pmagpy-2.190	204.0	5.0	59.0	42.0
This study	unknown	is052g	is052	FS-FD:SO-NO	pmagpy-2.190	280.0	5.0	59.0	73.0
This study	unknown	is052h	is052	FS-FD:SO-NO	pmagpy-2.190	215.0	5.0	59.0	71.0
This study	unknown	is052i	is052	FS-FD:SO-NO	pmagpy-2.190	181.0	5.0	59.0	29.0
This study	unknown	is052j	is052	FS-FD:SO-NO	pmagpy-2.190	248.0	5.0	59.0	64.0
This study	unknown	is053a	is053	FS-FD:SO-NO	pmagpy-2.190	209.0	5.0	59.0	63.0
This study	unknown	is053b	is053	FS-FD:SO-NO	pmagpy-2.190	280.0	5.0	59.0	67.0
This study	unknown	is053c	is053	FS-FD:SO-NO	pmagpy-2.190	205.0	5.0	59.0	66.0
This study	unknown	is053d	is053	FS-FD:SO-NO	pmagpy-2.190	243.0	5.0	59.0	67.0
This study	unknown	is053e	is053	FS-FD:SO-NO	pmagpy-2.190	184.0	5.0	59.0	67.0
This study	unknown	is053f	is053	FS-FD:SO-NO	pmagpy-2.190	190.0	5.0	59.0	74.0
This study	unknown	is053g	is053	FS-FD:SO-NO	pmagpy-2.190	303.0	5.0	59.0	60.0
This study	unknown	is053h	is053	FS-FD:SO-NO	pmagpy-2.190	258.0	5.0	59.0	71.0
This study	unknown	is053i	is053	FS-FD:SO-NO	pmagpy-2.190	177.0	5.0	59.0	57.0
This study	unknown	is053j	is053	FS-FD:SO-NO	pmagpy-2.190	206.0	5.0	59.0	56.0
This study	unknown	is053k	is053	FS-FD:SO-NO	pmagpy-2.190	296.0	5.0	59.0	70.0
This study	unknown	is053l	is053	FS-FD:SO-NO	pmagpy-2.190	186.0	5.0	59.0	60.0
This study	unknown	is053m	is053	FS-FD:SO-NO	pmagpy-2.190	273.0	5.0	59.0	69.0
This study	unknown	is053n	is053	FS-FD:SO-NO	pmagpy-2.190	263.0	5.0	59.0	62.0
This study	unknown	is053o	is053	FS-FD:SO-NO	pmagpy-2.190	267.0	5.0	59.0	62.0
This study	unknown	is054a	is054	FS-FD:SO-NO	pmagpy-2.190	284.0	5.0	59.0	76.0
This study	unknown	is054b	is054	FS-FD:SO-NO	pmagpy-2.190	220.0	5.0	59.0	61.0
This study	unknown	is054c	is054	FS-FD:SO-NO	pmagpy-2.190	246.0	5.0	59.0	70.0
This study	unknown	is054d	is054	FS-FD:SO-NO	pmagpy-2.190	190.0	5.0	59.0	66.0
This study	unknown	is054e	is054	FS-FD:SO-NO	pmagpy-2.190	260.0	5.0	59.0	60.0
This study	unknown	is054f	is054	FS-FD:SO-NO	pmagpy-2.190	180.0	5.0	59.0	63.0
This study	unknown	is054g	is054	FS-FD:SO-NO	pmagpy-2.190	188.0	5.0	59.0	62.0
This study	unknown	is054h	is054	FS-FD:SO-NO	pmagpy-2.190	272.0	5.0	59.0	62.0
This study	unknown	is054i	is054	FS-FD:SO-NO	pmagpy-2.190	170.0	5.0	59.0	67.0
This study	unknown	is054j	is054	FS-FD:SO-NO	pmagpy-2.190	207.0	5.0	59.0	64.0
This study	unknown	is055a	is055	FS-FD:SO-NO	pmagpy-2.190	218.0	5.0	59.0	71.0
This study	unknown	is055b	is055	FS-FD:SO-NO	pmagpy-2.190	232.0	5.0	59.0	61.0
This study	unknown	is055c	is055	FS-FD:SO-NO	pmagpy-2.190	251.0	5.0	59.0	62.0
This study	unknown	is055d	is055	FS-FD:SO-NO	pmagpy-2.190	245.0	5.0	59.0	52.0
This study	unknown	is055e	is055	FS-FD:SO-NO	pmagpy-2.190	280.0	5.0	59.0	65.0
This study	unknown	is055f	is055	FS-FD:SO-NO	pmagpy-2.190	233.0	5.0	59.0	57.0
This study	unknown	is055g	is055	FS-FD:SO-NO	pmagpy-2.190	301.0	5.0	59.0	33.0
This study	unknown	is055h	is055	FS-FD:SO-NO	pmagpy-2.190	188.0	5.0	59.0	64.0
This study	unknown	is056a	is056	FS-FD:SO-NO	pmagpy-2.190	205.0	5.0	59.0	53.0
This study	unknown	is056b	is056	FS-FD:SO-NO	pmagpy-2.190	164.0	5.0	59.0	56.0
This study	unknown	is056c	is056	FS-FD:SO-NO	pmagpy-2.190	234.0	5.0	59.0	46.0
This study	unknown	is056d	is056	FS-FD:SO-NO	pmagpy-2.190	197.0	5.0	59.0	49.0
This study	unknown	is056e	is056	FS-FD:SO-NO	pmagpy-2.190	245.0	5.0	59.0	59.0
This study	unknown	is056f	is056	FS-FD:SO-NO	pmagpy-2.190	209.0	5.0	59.0	70.0
This study	unknown	is056g	is056	FS-FD:SO-NO	pmagpy-2.190	261.0	5.0	59.0	50.0
This study	unknown	is056h	is056	FS-FD:SO-NO	pmagpy-2.190	198.0	5.0	59.0	66.0
This study	unknown	is101a	is101	FS-FD:SO-NO	pmagpy-2.190	22.0	6.0	55.0	12.0
This study	unknown	is101b	is101	FS-FD:SO-NO	pmagpy-2.190	325.0	6.0	55.0	43.0
This study	unknown	is101c	is101	FS-FD:SO-NO	pmagpy-2.190	26.0	6.0	55.0	40.0
This study	unknown	is101d	is101	FS-FD:SO-NO	pmagpy-2.190	331.0	6.0	55.0	26.0
This study	unknown	is101e	is101	FS-FD:SO-NO	pmagpy-2.190	33.0	6.0	55.0	54.0
This study	unknown	is101f	is101	FS-FD:SO-NO	pmagpy-2.190	314.0	6.0	55.0	14.0
This study	unknown	is101g	is101	FS-FD:SO-NO	pmagpy-2.190	313.0	6.0	55.0	32.0
This study	unknown	is101h	is101	FS-FD:SO-NO	pmagpy-2.190	338.0	6.0	55.0	51.0
This study	unknown	is101i	is101	FS-FD:SO-NO	pmagpy-2.190	40.0	6.0	55.0	56.0
This study	unknown	is101j	is101	FS-FD:SO-NO	pmagpy-2.190	338.0	6.0	55.0	13.0
This study	unknown	is102a	is102	FS-FD:SO-NO	pmagpy-2.190	39.0	6.0	55.0	31.0
This study	unknown	is102b	is102	FS-FD:SO-NO	pmagpy-2.190	16.0	6.0	55.0	52.0
This study	unknown	is102c	is102	FS-FD:SO-NO	pmagpy-2.190	32.0	6.0	55.0	36.0
This study	unknown	is102d	is102	FS-FD:SO-NO	pmagpy-2.190	78.0	6.0	55.0	74.0
This study	unknown	is102e	is102	FS-FD:SO-NO	pmagpy-2.190	269.0	6.0	55.0	64.0
This study	unknown	is102f	is102	FS-FD:SO-NO	pmagpy-2.190	302.0	6.0	55.0	58.0
This study	unknown	is102g	is102	FS-FD:SO-NO	pmagpy-2.190	228.0	6.0	55.0	69.0
This study	unknown	is102h	is102	FS-FD:SO-NO	pmagpy-2.190	220.0	6.0	55.0	38.0
This study	unknown	is102i	is102	FS-FD:SO-NO	pmagpy-2.190	112.0	6.0	55.0	35.0
This study	unknown	is102j	is102	FS-FD:SO-NO	pmagpy-2.190	63.0	6.0	55.0	6.0
This study	unknown	is102k	is102	FS-FD:SO-NO	pmagpy-2.190	32.0	6.0	55.0	12.0
This study	unknown	is102l	is102	FS-FD:SO-NO	pmagpy-2.190	29.0	6.0	55.0	18.0
This study	unknown	is102m	is102	FS-FD:SO-NO	pmagpy-2.190	233.0	6.0	55.0	60.0
This study	unknown	is102n	is102	FS-FD:SO-NO	pmagpy-2.190	69.0	6.0	55.0	66.0
This study	unknown	is102o	is102	FS-FD:SO-NO	pmagpy-2.190	42.0	6.0	55.0	73.0
This study	unknown	is103a	is103	FS-FD:SO-NO	pmagpy-2.190	36.0	6.0	55.0	51.0
This study	unknown	is103b	is103	FS-FD:SO-NO	pmagpy-2.190	71.0	6.0	55.0	33.0
This study	unknown	is103c	is103	FS-FD:SO-NO	pmagpy-2.190	346.0	6.0	55.0	24.0
This study	unknown	is103d	is103	FS-FD:SO-NO	pmagpy-2.190	95.0	6.0	55.0	8.0
This study	unknown	is103e	is103	FS-FD:SO-NO	pmagpy-2.190	345.0	6.0	55.0	44.0
This study	unknown	is103f	is103	FS-FD:SO-NO	pmagpy-2.190	55.0	6.0	55.0	45.0
This study	unknown	is103g	is103	FS-FD:SO-NO	pmagpy-2.190	328.0	6.0	55.0	22.0
This study	unknown	is103h	is103	FS-FD:SO-NO	pmagpy-2.190	83.0	6.0	55.0	23.0
This study	unknown	is103i	is103	FS-FD:SO-NO	pmagpy-2.190	320.0	6.0	55.0	41.0
This study	unknown	is103j	is103	FS-FD:SO-NO	pmagpy-2.190	55.0	6.0	55.0	45.0
This study	unknown	is103k	is103	FS-FD:SO-NO	pmagpy-2.190	37.0	6.0	55.0	38.0
This study	unknown	is104a	is104	FS-FD:SO-NO	pmagpy-2.190	29.0	6.0	55.0	29.0
This study	unknown	is104b	is104	FS-FD:SO-NO	pmagpy-2.190	323.0	6.0	55.0	40.0
This study	unknown	is104c	is104	FS-FD:SO-NO	pmagpy-2.190	222.0	6.0	55.0	26.0
This study	unknown	is104d	is104	FS-FD:SO-NO	pmagpy-2.190	33.0	6.0	55.0	48.0
This study	unknown	is104e	is104	FS-FD:SO-NO	pmagpy-2.190	330.0	6.0	55.0	56.0
This study	unknown	is104f	is104	FS-FD:SO-NO	pmagpy-2.190	359.0	6.0	55.0	57.0
This study	unknown	is104g	is104	FS-FD:SO-NO	pmagpy-2.190	73.0	6.0	55.0	12.0
This study	unknown	is104h	is104	FS-FD:SO-NO	pmagpy-2.190	126.0	6.0	55.0	12.0
This study	unknown	is104i	is104	FS-FD:SO-NO	pmagpy-2.190	62.0	6.0	55.0	18.0
This study	unknown	is104j	is104	FS-FD:SO-NO	pmagpy-2.190	88.0	6.0	55.0	25.0
This study	unknown	is104k	is104	FS-FD:SO-NO	pmagpy-2.190	360.0	6.0	55.0	54.0
This study	unknown	is104l	is104	FS-FD:SO-NO	pmagpy-2.190	348.0	6.0	55.0	31.0
This study	unknown	is104m	is104	FS-FD:SO-NO	pmagpy-2.190	320.0	6.0	55.0	62.0
This study	unknown	is104n	is104	FS-FD:SO-NO	pmagpy-2.190	340.0	6.0	55.0	50.0
This study	unknown	is104o	is104	FS-FD:SO-NO	pmagpy-2.190	59.0	6.0	55.0	39.0
This study	unknown	is105a	is105	FS-FD:SO-NO	pmagpy-2.190	26.0	6.0	55.0	33.0
This study	unknown	is105b	is105	FS-FD:SO-NO	pmagpy-2.190	60.0	6.0	55.0	62.0
This study	unknown	is105c	is105	FS-FD:SO-NO	pmagpy-2.190	347.0	6.0	55.0	38.0
This study	unknown	is105d	is105	FS-FD:SO-NO	pmagpy-2.190	71.0	6.0	55.0	56.0
This study	unknown	is105e	is105	FS-FD:SO-NO	pmagpy-2.190	61.0	6.0	55.0	27.0
This study	unknown	is105f	is105	FS-FD:SO-NO	pmagpy-2.190	13.0	6.0	55.0	50.0
This study	unknown	is105g	is105	FS-FD:SO-NO	pmagpy-2.190	49.0	6.0	55.0	74.0
This study	unknown	is105h	is105	FS-FD:SO-NO	pmagpy-2.190	50.0	6.0	55.0	22.0
This study	unknown	is105i	is105	FS-FD:SO-NO	pmagpy-2.190	9.0	6.0	55.0	21.0
This study	unknown	is105j	is105	FS-FD:SO-NO	pmagpy-2.190	342.0	6.0	55.0	12.0
This study	unknown	is105k	is105	FS-FD:SO-NO	pmagpy-2.190	33.0	6.0	55.0	26.0
This study	unknown	is105l	is105	FS-FD:SO-NO	pmagpy-2.190	36.0	6.0	55.0	57.0
This study	unknown	is105m	is105	FS-FD:SO-NO	pmagpy-2.190	67.0	6.0	55.0	36.0
This study	unknown	is105n	is105	FS-FD:SO-NO	pmagpy-2.190	59.0	6.0	55.0	29.0
This study	unknown	is105o	is105	FS-FD:SO-NO	pmagpy-2.190	155.0	6.0	55.0	31.0
This study	unknown	is105p	is105	FS-FD:SO-NO	pmagpy-2.190	147.0	6.0	55.0	20.0
This study	unknown	is106a	is106	FS-FD:SO-NO	pmagpy-2.190	41.0	6.0	55.0	38.0
This study	unknown	is106b	is106	FS-FD:SO-NO	pmagpy-2.190	64.0	6.0	55.0	99.0
This study	unknown	is106c	is106	FS-FD:SO-NO	pmagpy-2.190	29.0	6.0	55.0	69.0
This study	unknown	is106d	is106	FS-FD:SO-NO	pmagpy-2.190	10.0	6.0	55.0	66.0
This study	unknown	is106e	is106	FS-FD:SO-NO	pmagpy-2.190	16.0	6.0	55.0	77.0
This study	unknown	is106f	is106	FS-FD:SO-NO	pmagpy-2.190	331.0	6.0	55.0	76.0
This study	unknown	is106g	is106	FS-FD:SO-NO	pmagpy-2.190	326.0	6.0	55.0	75.0
This study	unknown	is106h	is106	FS-FD:SO-NO	pmagpy-2.190	43.0	6.0	55.0	89.0
This study	unknown	is106i	is106	FS-FD:SO-NO	pmagpy-2.190	342.0	6.0	55.0	78.0
This study	unknown	is106j	is106	FS-FD:SO-NO	pmagpy-2.190	344.0	6.0	55.0	75.0
This study	unknown	is106k	is106	FS-FD:SO-NO	pmagpy-2.190	5.0	6.0	55.0	81.0
This study	unknown	is106l	is106	FS-FD:SO-NO	pmagpy-2.190	1.0	6.0	55.0	40.0
This study	unknown	is106m	is106	FS-FD:SO-NO	pmagpy-2.190	4.0	6.0	55.0	36.0
This study	unknown	is106n	is106	FS-FD:SO-NO	pmagpy-2.190	73.0	6.0	55.0	32.0
This study	unknown	is106o	is106	FS-FD:SO-NO	pmagpy-2.190	56.0	6.0	55.0	19.0
This study	unknown	is106p	is106	FS-FD:SO-NO	pmagpy-2.190	73.0	6.0	55.0	13.0
This study	unknown	is106q	is106	FS-FD:SO-NO	pmagpy-2.190	128.0	6.0	55.0	34.0
This study	unknown	is106r	is106	FS-FD:SO-NO	pmagpy-2.190	11.0	6.0	55.0	26.0
This study	unknown	is106s	is106	FS-FD:SO-NO	pmagpy-2.190	345.0	6.0	55.0	27.0
This study	unknown	is106t	is106	FS-FD:SO-NO	pmagpy-2.190	354.0	6.0	55.0	25.0
This study	unknown	is106u	is106	FS-FD:SO-NO	pmagpy-2.190	48.0	6.0	55.0	25.0
This study	unknown	is106v	is106	FS-FD:SO-NO	pmagpy-2.190	23.0	6.0	55.0	16.0
This study	unknown	is106w	is106	FS-FD:SO-NO	pmagpy-2.190	14.0	6.0	55.0	55.0
This study	unknown	is106x	is106	FS-FD:SO-NO	pmagpy-2.190	27.0	6.0	55.0	54.0
This study	unknown	is107a	is107	FS-FD:SO-NO	pmagpy-2.190	27.0	6.0	55.0	20.0
This study	unknown	is107b	is107	FS-FD:SO-NO	pmagpy-2.190	10.0	6.0	55.0	90.0
This study	unknown	is107c	is107	FS-FD:SO-NO	pmagpy-2.190	33.0	6.0	55.0	39.0
This study	unknown	is107d	is107	FS-FD:SO-NO	pmagpy-2.190	9.0	6.0	55.0	41.0
This study	unknown	is107e	is107	FS-FD:SO-NO	pmagpy-2.190	7.0	6.0	55.0	49.0
This study	unknown	is107f	is107	FS-FD:SO-NO	pmagpy-2.190	288.0	6.0	55.0	10.0
This study	unknown	is107g	is107	FS-FD:SO-NO	pmagpy-2.190	16.0	6.0	55.0	55.0
This study	unknown	is107h	is107	FS-FD:SO-NO	pmagpy-2.190	322.0	6.0	55.0	68.0
This study	unknown	is107i	is107	FS-FD:SO-NO	pmagpy-2.190	349.0	6.0	55.0	34.0
This study	unknown	is107j	is107	FS-FD:SO-NO	pmagpy-2.190	273.0	6.0	55.0	41.0
This study	unknown	is107k	is107	FS-FD:SO-NO	pmagpy-2.190	14.0	6.0	55.0	30.0
This study	unknown	is107l	is107	FS-FD:SO-NO	pmagpy-2.190	18.0	6.0	55.0	16.0
This study	unknown	is107m	is107	FS-FD:SO-NO	pmagpy-2.190	74.0	6.0	55.0	28.0
This study	unknown	is107o	is107	FS-FD:SO-NO	pmagpy-2.190	351.0	6.0	55.0	8.0
This study	unknown	is108a	is108	FS-FD:SO-NO	pmagpy-2.190	358.0	6.0	55.0	31.0
This study	unknown	is108b	is108	FS-FD:SO-NO	pmagpy-2.190	57.0	6.0	55.0	22.0
This study	unknown	is108c	is108	FS-FD:SO-NO	pmagpy-2.190	351.0	6.0	55.0	23.0
This study	unknown	is108d	is108	FS-FD:SO-NO	pmagpy-2.190	6.0	6.0	55.0	27.0
This study	unknown	is108e	is108	FS-FD:SO-NO	pmagpy-2.190	4.0	6.0	55.0	25.0
This study	unknown	is108f	is108	FS-FD:SO-NO	pmagpy-2.190	319.0	6.0	55.0	73.0
This study	unknown	is108g	is108	FS-FD:SO-NO	pmagpy-2.190	51.0	6.0	55.0	50.0
This study	unknown	is108h	is108	FS-FD:SO-NO	pmagpy-2.190	265.0	6.0	55.0	6.0
This study	unknown	is108i	is108	FS-FD:SO-NO	pmagpy-2.190	315.0	6.0	55.0	28.0
This study	unknown	is109a	is109	FS-FD:SO-NO	pmagpy-2.190	29.0	6.0	55.0	39.0
This study	unknown	is109b	is109	FS-FD:SO-NO	pmagpy-2.190	29.0	6.0	55.0	66.0
This study	unknown	is109c	is109	FS-FD:SO-NO	pmagpy-2.190	41.0	6.0	55.0	69.0
This study	unknown	is109d	is109	FS-FD:SO-NO	pmagpy-2.190	4.0	6.0	55.0	37.0
This study	unknown	is109e	is109	FS-FD:SO-NO	pmagpy-2.190	2.0	6.0	55.0	34.0
This study	unknown	is109f	is109	FS-FD:SO-NO	pmagpy-2.190	341.0	6.0	55.0	42.0
This study	unknown	is109g	is109	FS-FD:SO-NO	pmagpy-2.190	321.0	6.0	55.0	32.0
This study	unknown	is109h	is109	FS-FD:SO-NO	pmagpy-2.190	24.0	6.0	55.0	30.0
This study	unknown	is110a	is110	FS-FD:SO-NO	pmagpy-2.190	41.0	6.0	55.0	37.0
This study	unknown	is110b	is110	FS-FD:SO-NO	pmagpy-2.190	347.0	6.0	55.0	82.0
This study	unknown	is110c	is110	FS-FD:SO-NO	pmagpy-2.190	4.0	6.0	55.0	67.0
This study	unknown	is110d	is110	FS-FD:SO-NO	pmagpy-2.190	154.0	6.0	55.0	17.0
This study	unknown	is110e	is110	FS-FD:SO-NO	pmagpy-2.190	154.0	6.0	55.0	18.0
This study	unknown	is110f	is110	FS-FD:SO-NO	pmagpy-2.190	24.0	6.0	55.0	46.0
This study	unknown	is110g	is110	FS-FD:SO-NO	pmagpy-2.190	2.0	6.0	55.0	44.0
This study	unknown	is111a	is111	FS-FD:SO-NO	pmagpy-2.190	314.0	6.0	55.0	46.0
This study	unknown	is111b	is111	FS-FD:SO-NO	pmagpy-2.190	337.0	6.0	55.0	46.0
This study	unknown	is111c	is111	FS-FD:SO-NO	pmagpy-2.190	3.0	6.0	55.0	49.0
This study	unknown	is111d	is111	FS-FD:SO-NO	pmagpy-2.190	310.0	6.0	55.0	15.0
This study	unknown	is111e	is111	FS-FD:SO-NO	pmagpy-2.190	35.0	6.0	55.0	53.0
This study	unknown	is111f	is111	FS-FD:SO-NO	pmagpy-2.190	29.0	6.0	55.0	40.0
This study	unknown	is111g	is111	FS-FD:SO-NO	pmagpy-2.190	297.0	6.0	55.0	53.0
This study	unknown	is111h	is111	FS-FD:SO-NO	pmagpy-2.190	287.0	6.0	55.0	60.0
This study	unknown	is111i	is111	FS-FD:SO-NO	pmagpy-2.190	299.0	6.0	55.0	40.0
This study	unknown	is111j	is111	FS-FD:SO-NO	pmagpy-2.190	38.0	6.0	55.0	23.0
This study	unknown	is112a	is112	FS-FD:SO-NO	pmagpy-2.190	19.0	6.0	55.0	26.0
This study	unknown	is112b	is112	FS-FD:SO-NO	pmagpy-2.190	20.0	6.0	55.0	41.0
This study	unknown	is112c	is112	FS-FD:SO-NO	pmagpy-2.190	46.0	6.0	55.0	61.0
This study	unknown	is112d	is112	FS-FD:SO-NO	pmagpy-2.190	14.0	6.0	55.0	52.0
This study	unknown	is112e	is112	FS-FD:SO-NO	pmagpy-2.190	17.0	6.0	55.0	45.0
This study	unknown	is112f	is112	FS-FD:SO-NO	pmagpy-2.190	287.0	6.0	55.0	58.0
This study	unknown	is112g	is112	FS-FD:SO-NO	pmagpy-2.190	297.0	6.0	55.0	58.0
This study	unknown	is112h	is112	FS-FD:SO-NO	pmagpy-2.190	234.0	6.0	55.0	65.0
This study	unknown	is112i	is112	FS-FD:SO-NO	pmagpy-2.190	62.0	6.0	55.0	64.0
This study	unknown	is112j	is112	FS-FD:SO-NO	pmagpy-2.190	136.0	6.0	55.0	23.0
This study	unknown	is112k	is112	FS-FD:SO-NO	pmagpy-2.190	330.0	6.0	55.0	21.0
This study	unknown	is113a	is113	FS-FD:SO-NO	pmagpy-2.190	73.0	6.0	55.0	49.0
This study	unknown	is113b	is113	FS-FD:SO-NO	pmagpy-2.190	89.0	6.0	55.0	50.0
This study	unknown	is113c	is113	FS-FD:SO-NO	pmagpy-2.190	80.0	6.0	55.0	76.0
This study	unknown	is113d	is113	FS-FD:SO-NO	pmagpy-2.190	9.0	6.0	55.0	90.0
This study	unknown	is113e	is113	FS-FD:SO-NO	pmagpy-2.190	5.0	6.0	55.0	83.0
This study	unknown	is113f	is113	FS-FD:SO-NO	pmagpy-2.190	103.0	6.0	55.0	64.0
This study	unknown	is113g	is113	FS-FD:SO-NO	pmagpy-2.190	63.0	6.0	55.0	57.0
This study	unknown	is113h	is113	FS-FD:SO-NO	pmagpy-2.190	55.0	6.0	55.0	56.0
This study	unknown	is113i	is113	FS-FD:SO-NO	pmagpy-2.190	111.0	6.0	55.0	60.0
This study	unknown	is114a	is114	FS-FD:SO-NO	pmagpy-2.190	27.0	6.0	55.0	34.0
This study	unknown	is114b	is114	FS-FD:SO-NO	pmagpy-2.190	41.0	6.0	55.0	13.0
This study	unknown	is114c	is114	FS-FD:SO-NO	pmagpy-2.190	123.0	6.0	55.0	65.0
This study	unknown	is114d	is114	FS-FD:SO-NO	pmagpy-2.190	358.0	6.0	55.0	24.0
This study	unknown	is114e	is114	FS-FD:SO-NO	pmagpy-2.190	274.0	6.0	55.0	12.0
This study	unknown	is114f	is114	FS-FD:SO-NO	pmagpy-2.190	7.0	6.0	55.0	10.0
This study	unknown	is114g	is114	FS-FD:SO-NO	pmagpy-2.190	251.0	6.0	55.0	15.0
This study	unknown	is114h	is114	FS-FD:SO-NO	pmagpy-2.190	32.0	6.0	55.0	70.0
This study	unknown	is114i	is114	FS-FD:SO-NO	pmagpy-2.190	99.0	6.0	55.0	44.0
This study	unknown	is114j	is114	FS-FD:SO-NO	pmagpy-2.190	104.0	6.0	55.0	72.0
This study	unknown	is115a	is115	FS-FD:SO-NO	pmagpy-2.190	289.0	6.0	55.0	65.0
This study	unknown	is115b	is115	FS-FD:SO-NO	pmagpy-2.190	295.0	6.0	55.0	67.0
This study	unknown	is115c	is115	FS-FD:SO-NO	pmagpy-2.190	340.0	6.0	55.0	47.0
This study	unknown	is115d	is115	FS-FD:SO-NO	pmagpy-2.190	258.0	6.0	55.0	43.0
This study	unknown	is115e	is115	FS-FD:SO-NO	pmagpy-2.190	279.0	6.0	55.0	54.0
This study	unknown	is115f	is115	FS-FD:SO-NO	pmagpy-2.190	253.0	6.0	55.0	70.0
This study	unknown	is115g	is115	FS-FD:SO-NO	pmagpy-2.190	320.0	6.0	55.0	41.0
This study	unknown	is115h	is115	FS-FD:SO-NO	pmagpy-2.190	308.0	6.0	55.0	43.0
This study	unknown	is115i	is115	FS-FD:SO-NO	pmagpy-2.190	265.0	6.0	55.0	26.0
This study	unknown	is116a	is116	FS-FD:SO-NO	pmagpy-2.190	13.0	6.0	55.0	23.0
This study	unknown	is116b	is116	FS-FD:SO-NO	pmagpy-2.190	44.0	6.0	55.0	76.0
This study	unknown	is116c	is116	FS-FD:SO-NO	pmagpy-2.190	335.0	6.0	55.0	58.0
This study	unknown	is116d	is116	FS-FD:SO-NO	pmagpy-2.190	83.0	6.0	55.0	85.0
This study	unknown	is116e	is116	FS-FD:SO-NO	pmagpy-2.190	9.0	6.0	55.0	77.0
This study	unknown	is116f	is116	FS-FD:SO-NO	pmagpy-2.190	294.0	6.0	55.0	70.0
This study	unknown	is116g	is116	FS-FD:SO-NO	pmagpy-2.190	309.0	6.0	55.0	58.0
This study	unknown	is116h	is116	FS-FD:SO-NO	pmagpy-2.190	6.0	6.0	55.0	61.0
This study	unknown	is116i	is116	FS-FD:SO-NO	pmagpy-2.190	300.0	6.0	55.0	52.0
This study	unknown	is116j	is116	FS-FD:SO-NO	pmagpy-2.190	358.0	6.0	55.0	38.0
This study	unknown	is116k	is116	FS-FD:SO-NO	pmagpy-2.190	343.0	6.0	55.0	54.0
This study	unknown	is116l	is116	FS-FD:SO-NO	pmagpy-2.190	325.0	6.0	55.0	63.0
This study	unknown	is116m	is116	FS-FD:SO-NO	pmagpy-2.190	307.0	6.0	55.0	28.0
This study	unknown	is116n	is116	FS-FD:SO-NO	pmagpy-2.190	41.0	6.0	55.0	38.0
This study	unknown	is116o	is116	FS-FD:SO-NO	pmagpy-2.190	32.0	6.0	55.0	14.0
This study	unknown	is116p	is116	FS-FD:SO-NO	pmagpy-2.190	315.0	6.0	55.0	67.0
This study	unknown	is116q	is116	FS-FD:SO-NO	pmagpy-2.190	280.0	6.0	55.0	25.0
This study	unknown	is116r	is116	FS-FD:SO-NO	pmagpy-2.190	9.0	6.0	55.0	60.0
This study	unknown	is116s	is116	FS-FD:SO-NO	pmagpy-2.190	309.0	6.0	55.0	67.0
This study	unknown	is116t	is116	FS-FD:SO-NO	pmagpy-2.190	12.0	6.0	55.0	32.0
This study	unknown	is117a	is117	FS-FD:SO-NO	pmagpy-2.190	357.0	6.0	55.0	72.0
This study	unknown	is117b	is117	FS-FD:SO-NO	pmagpy-2.190	338.0	6.0	55.0	77.0
This study	unknown	is117c	is117	FS-FD:SO-NO	pmagpy-2.190	357.0	6.0	55.0	61.0
This study	unknown	is117d	is117	FS-FD:SO-NO	pmagpy-2.190	274.0	6.0	55.0	53.0
This study	unknown	is117e	is117	FS-FD:SO-NO	pmagpy-2.190	355.0	6.0	55.0	44.0
This study	unknown	is117f	is117	FS-FD:SO-NO	pmagpy-2.190	99.0	6.0	55.0	90.0
This study	unknown	is117g	is117	FS-FD:SO-NO	pmagpy-2.190	39.0	6.0	55.0	65.0
This study	unknown	is117h	is117	FS-FD:SO-NO	pmagpy-2.190	293.0	6.0	55.0	71.0
This study	unknown	is117i	is117	FS-FD:SO-NO	pmagpy-2.190	342.0	6.0	55.0	56.0
This study	unknown	is117j	is117	FS-FD:SO-NO	pmagpy-2.190	77.0	6.0	55.0	40.0
This study	unknown	is117k	is117	FS-FD:SO-NO	pmagpy-2.190	19.0	6.0	55.0	59.0
This study	unknown	is117l	is117	FS-FD:SO-NO	pmagpy-2.190	94.0	6.0	55.0	34.0
This study	unknown	is117m	is117	FS-FD:SO-NO	pmagpy-2.190	110.0	6.0	55.0	27.0
This study	unknown	is118a	is118	FS-FD:SO-NO	pmagpy-2.190	43.0	6.0	55.0	40.0
This study	unknown	is118b	is118	FS-FD:SO-NO	pmagpy-2.190	52.0	6.0	55.0	57.0
This study	unknown	is118c	is118	FS-FD:SO-NO	pmagpy-2.190	74.0	6.0	55.0	51.0
This study	unknown	is118d	is118	FS-FD:SO-NO	pmagpy-2.190	32.0	6.0	55.0	52.0
This study	unknown	is118e	is118	FS-FD:SO-NO	pmagpy-2.190	102.0	6.0	55.0	57.0
This study	unknown	is118f	is118	FS-FD:SO-NO	pmagpy-2.190	90.0	6.0	55.0	81.0
This study	unknown	is118g	is118	FS-FD:SO-NO	pmagpy-2.190	128.0	6.0	55.0	69.0
This study	unknown	is118h	is118	FS-FD:SO-NO	pmagpy-2.190	63.0	6.0	55.0	67.0
This study	unknown	is118i	is118	FS-FD:SO-NO	pmagpy-2.190	291.0	6.0	55.0	50.0
This study	unknown	is118j	is118	FS-FD:SO-NO	pmagpy-2.190	289.0	6.0	55.0	45.0
This study	unknown	is118k	is118	FS-FD:SO-NO	pmagpy-2.190	308.0	6.0	55.0	53.0
This study	unknown	is118l	is118	FS-FD:SO-NO	pmagpy-2.190	286.0	6.0	55.0	47.0
This study	unknown	is119a	is119	FS-FD:SO-NO	pmagpy-2.190	84.0	6.0	55.0	28.0
This study	unknown	is119b	is119	FS-FD:SO-NO	pmagpy-2.190	84.0	6.0	55.0	70.0
This study	unknown	is119c	is119	FS-FD:SO-NO	pmagpy-2.190	199.0	6.0	55.0	20.0
This study	unknown	is119d	is119	FS-FD:SO-NO	pmagpy-2.190	184.0	6.0	55.0	24.0
This study	unknown	is119e	is119	FS-FD:SO-NO	pmagpy-2.190	183.0	6.0	55.0	56.0
This study	unknown	is119f	is119	FS-FD:SO-NO	pmagpy-2.190	312.0	6.0	55.0	40.0
This study	unknown	is119g	is119	FS-FD:SO-NO	pmagpy-2.190	319.0	6.0	55.0	40.0
This study	unknown	is119h	is119	FS-FD:SO-NO	pmagpy-2.190	291.0	6.0	55.0	53.0
This study	unknown	is119i	is119	FS-FD:SO-NO	pmagpy-2.190	307.0	6.0	55.0	36.0
This study	unknown	is120a	is120	FS-FD:SO-NO	pmagpy-2.190	101.0	6.0	55.0	40.0
This study	unknown	is120b	is120	FS-FD:SO-NO	pmagpy-2.190	176.0	6.0	55.0	33.0
This study	unknown	is120c	is120	FS-FD:SO-NO	pmagpy-2.190	159.0	6.0	55.0	27.0
This study	unknown	is120d	is120	FS-FD:SO-NO	pmagpy-2.190	142.0	6.0	55.0	28.0
This study	unknown	is120e	is120	FS-FD:SO-NO	pmagpy-2.190	131.0	6.0	55.0	26.0
This study	unknown	is120f	is120	FS-FD:SO-NO	pmagpy-2.190	162.0	6.0	55.0	17.0
This study	unknown	is120g	is120	FS-FD:SO-NO	pmagpy-2.190	333.0	6.0	55.0	5.0
This study	unknown	is120h	is120	FS-FD:SO-NO	pmagpy-2.190	110.0	6.0	55.0	20.0
This study	unknown	is120i	is120	FS-FD:SO-NO	pmagpy-2.190	47.0	6.0	55.0	41.0
This study	unknown	is120j	is120	FS-FD:SO-NO	pmagpy-2.190	1.0	6.0	55.0	55.0
This study	unknown	is120k	is120	FS-FD:SO-NO	pmagpy-2.190	301.0	6.0	55.0	44.0
This study	unknown	is120l	is120	FS-FD:SO-NO	pmagpy-2.190	300.0	6.0	55.0	51.0
This study	unknown	is120m	is120	FS-FD:SO-NO	pmagpy-2.190	321.0	6.0	55.0	28.0
This study	unknown	is120n	is120	FS-FD:SO-NO	pmagpy-2.190	336.0	6.0	55.0	41.0
This study	unknown	is120o	is120	FS-FD:SO-NO	pmagpy-2.190	290.0	6.0	55.0	25.0
This study	unknown	is121a	is121	FS-FD:SO-NO	pmagpy-2.190	82.0	6.0	55.0	32.0
This study	unknown	is121b	is121	FS-FD:SO-NO	pmagpy-2.190	145.0	6.0	55.0	26.0
This study	unknown	is121c	is121	FS-FD:SO-NO	pmagpy-2.190	323.0	6.0	55.0	14.0
This study	unknown	is121d	is121	FS-FD:SO-NO	pmagpy-2.190	332.0	6.0	55.0	42.0
This study	unknown	is121e	is121	FS-FD:SO-NO	pmagpy-2.190	30.0	6.0	55.0	57.0
This study	unknown	is121f	is121	FS-FD:SO-NO	pmagpy-2.190	7.0	6.0	55.0	55.0
This study	unknown	is122a	is122	FS-FD:SO-NO	pmagpy-2.190	28.0	6.0	55.0	62.0
This study	unknown	is122b	is122	FS-FD:SO-NO	pmagpy-2.190	9.0	6.0	55.0	56.0
This study	unknown	is122c	is122	FS-FD:SO-NO	pmagpy-2.190	38.0	6.0	55.0	21.0
This study	unknown	is122d	is122	FS-FD:SO-NO	pmagpy-2.190	2.0	6.0	55.0	35.0
This study	unknown	is122e	is122	FS-FD:SO-NO	pmagpy-2.190	351.0	6.0	55.0	54.0
This study	unknown	is122f	is122	FS-FD:SO-NO	pmagpy-2.190	347.0	6.0	55.0	51.0
This study	unknown	is122g	is122	FS-FD:SO-NO	pmagpy-2.190	7.0	6.0	55.0	32.0
This study	unknown	is122h	is122	FS-FD:SO-NO	pmagpy-2.190	177.0	6.0	55.0	19.0
This study	unknown	is122i	is122	FS-FD:SO-NO	pmagpy-2.190	130.0	6.0	55.0	16.0
This study	unknown	is123a	is123	FS-FD:SO-NO	pmagpy-2.190	14.0	6.0	55.0	60.0
This study	unknown	is123b	is123	FS-FD:SO-NO	pmagpy-2.190	15.0	6.0	55.0	60.0
This study	unknown	is123c	is123	FS-FD:SO-NO	pmagpy-2.190	8.0	6.0	55.0	62.0
This study	unknown	is123d	is123	FS-FD:SO-NO	pmagpy-2.190	56.0	6.0	55.0	66.0
This study	unknown	is123e	is123	FS-FD:SO-NO	pmagpy-2.190	59.0	6.0	55.0	85.0
This study	unknown	is123f	is123	FS-FD:SO-NO	pmagpy-2.190	342.0	6.0	55.0	49.0
This study	unknown	is123g	is123	FS-FD:SO-NO	pmagpy-2.190	343.0	6.0	55.0	44.0
This study	unknown	is123h	is123	FS-FD:SO-NO	pmagpy-2.190	330.0	6.0	55.0	34.0
This study	unknown	is123i	is123	FS-FD:SO-NO	pmagpy-2.190	343.0	6.0	55.0	58.0
This study	unknown	is123j	is123	FS-FD:SO-NO	pmagpy-2.190	313.0	6.0	55.0	76.0
This study	unknown	is123k	is123	FS-FD:SO-NO	pmagpy-2.190	33.0	6.0	55.0	57.0
This study	unknown	is123l	is123	FS-FD:SO-NO	pmagpy-2.190	21.0	6.0	55.0	94.0
This study	unknown	is123m	is123	FS-FD:SO-NO	pmagpy-2.190	17.0	6.0	55.0	50.0
This study	unknown	is123n	is123	FS-FD:SO-NO	pmagpy-2.190	65.0	6.0	55.0	69.0
This study	unknown	is124a	is124	FS-FD:SO-NO	pmagpy-2.190	17.0	6.0	55.0	28.0
This study	unknown	is124b	is124	FS-FD:SO-NO	pmagpy-2.190	234.0	6.0	55.0	18.0
This study	unknown	is124c	is124	FS-FD:SO-NO	pmagpy-2.190	333.0	6.0	55.0	10.0
This study	unknown	is125a	is125	FS-FD:SO-NO	pmagpy-2.190	1.0	6.0	55.0	31.0
This study	unknown	is125b	is125	FS-FD:SO-NO	pmagpy-2.190	309.0	6.0	55.0	53.0
This study	unknown	is125c	is125	FS-FD:SO-NO	pmagpy-2.190	357.0	6.0	55.0	47.0
This study	unknown	is125d	is125	FS-FD:SO-NO	pmagpy-2.190	335.0	6.0	55.0	76.0
This study	unknown	is125e	is125	FS-FD:SO-NO	pmagpy-2.190	315.0	6.0	55.0	74.0
This study	unknown	is125f	is125	FS-FD:SO-NO	pmagpy-2.190	305.0	6.0	55.0	69.0
This study	unknown	is125g	is125	FS-FD:SO-NO	pmagpy-2.190	45.0	6.0	55.0	57.0
This study	unknown	is125h	is125	FS-FD:SO-NO	pmagpy-2.190	10.0	6.0	55.0	48.0
This study	unknown	is125i	is125	FS-FD:SO-NO	pmagpy-2.190	328.0	6.0	55.0	67.0
This study	unknown	is126a	is126	FS-FD:SO-NO	pmagpy-2.190	9.0	6.0	55.0	46.0
This study	unknown	is126b	is126	FS-FD:SO-NO	pmagpy-2.190	16.0	6.0	55.0	24.0
This study	unknown	is126c	is126	FS-FD:SO-NO	pmagpy-2.190	317.0	6.0	55.0	40.0
This study	unknown	is126d	is126	FS-FD:SO-NO	pmagpy-2.190	299.0	6.0	55.0	67.0
This study	unknown	is126e	is126	FS-FD:SO-NO	pmagpy-2.190	26.0	6.0	55.0	74.0
This study	unknown	is127a	is127	FS-FD:SO-NO	pmagpy-2.190	6.0	6.0	55.0	24.0
This study	unknown	is127b	is127	FS-FD:SO-NO	pmagpy-2.190	20.0	6.0	55.0	30.0
This study	unknown	is127c	is127	FS-FD:SO-NO	pmagpy-2.190	67.0	6.0	55.0	43.0
This study	unknown	is127d	is127	FS-FD:SO-NO	pmagpy-2.190	21.0	6.0	55.0	68.0
This study	unknown	is127e	is127	FS-FD:SO-NO	pmagpy-2.190	41.0	6.0	55.0	65.0
This study	unknown	is127f	is127	FS-FD:SO-NO	pmagpy-2.190	93.0	6.0	55.0	27.0
This study	unknown	is127g	is127	FS-FD:SO-NO	pmagpy-2.190	314.0	6.0	55.0	69.0
This study	unknown	is127h	is127	FS-FD:SO-NO	pmagpy-2.190	63.0	6.0	55.0	55.0
This study	unknown	is127i	is127	FS-FD:SO-NO	pmagpy-2.190	59.0	6.0	55.0	77.0
This study	unknown	is128a	is128	FS-FD:SO-NO	pmagpy-2.190	345.0	6.0	55.0	67.0
This study	unknown	is128b	is128	FS-FD:SO-NO	pmagpy-2.190	28.0	6.0	55.0	55.0
This study	unknown	is128c	is128	FS-FD:SO-NO	pmagpy-2.190	349.0	6.0	55.0	61.0
This study	unknown	is128d	is128	FS-FD:SO-NO	pmagpy-2.190	36.0	6.0	55.0	59.0
This study	unknown	is128e	is128	FS-FD:SO-NO	pmagpy-2.190	349.0	6.0	55.0	58.0
This study	unknown	is128f	is128	FS-FD:SO-NO	pmagpy-2.190	348.0	6.0	55.0	67.0
This study	unknown	is128g	is128	FS-FD:SO-NO	pmagpy-2.190	8.0	6.0	55.0	47.0
This study	unknown	is128h	is128	FS-FD:SO-NO	pmagpy-2.190	70.0	6.0	55.0	57.0
This study	unknown	is128i	is128	FS-FD:SO-NO	pmagpy-2.190	103.0	6.0	55.0	55.0
This study	unknown	is129a	is129	FS-FD:SO-NO	pmagpy-2.190	21.0	6.0	55.0	50.0
This study	unknown	is129b	is129	FS-FD:SO-NO	pmagpy-2.190	320.0	6.0	55.0	54.0
This study	unknown	is129c	is129	FS-FD:SO-NO	pmagpy-2.190	1.0	6.0	55.0	41.0
This study	unknown	is129d	is129	FS-FD:SO-NO	pmagpy-2.190	252.0	6.0	55.0	36.0
This study	unknown	is129e	is129	FS-FD:SO-NO	pmagpy-2.190	86.0	6.0	55.0	31.0
This study	unknown	is129f	is129	FS-FD:SO-NO	pmagpy-2.190	64.0	6.0	55.0	65.0
This study	unknown	is129g	is129	FS-FD:SO-NO	pmagpy-2.190	350.0	6.0	55.0	64.0
This study	unknown	is129h	is129	FS-FD:SO-NO	pmagpy-2.190	2.0	6.0	55.0	66.0
This study	unknown	is129i	is129	FS-FD:SO-NO	pmagpy-2.190	311.0	6.0	55.0	57.0
This study	unknown	is129j	is129	FS-FD:SO-NO	pmagpy-2.190	359.0	6.0	55.0	47.0
This study	unknown	is130a	is130	FS-FD:SO-NO	pmagpy-2.190	326.0	6.0	55.0	60.0
This study	unknown	is130b	is130	FS-FD:SO-NO	pmagpy-2.190	354.0	6.0	55.0	70.0
This study	unknown	is130c	is130	FS-FD:SO-NO	pmagpy-2.190	343.0	6.0	55.0	44.0
This study	unknown	is130d	is130	FS-FD:SO-NO	pmagpy-2.190	334.0	6.0	55.0	41.0
This study	unknown	is130e	is130	FS-FD:SO-NO	pmagpy-2.190	303.0	6.0	55.0	59.0
This study	unknown	is130f	is130	FS-FD:SO-NO	pmagpy-2.190	326.0	6.0	55.0	42.0
This study	unknown	is130g	is130	FS-FD:SO-NO	pmagpy-2.190	8.0	6.0	55.0	30.0
This study	unknown	is130h	is130	FS-FD:SO-NO	pmagpy-2.190	355.0	6.0	55.0	49.0
This study	unknown	is130i	is130	FS-FD:SO-NO	pmagpy-2.190	358.0	6.0	55.0	43.0
This study	unknown	is130j	is130	FS-FD:SO-NO	pmagpy-2.190	6.0	6.0	55.0	42.0
This study	unknown	is131a	is131	FS-FD:SO-NO	pmagpy-2.190	237.0	6.0	55.0	17.0
This study	unknown	is131b	is131	FS-FD:SO-NO	pmagpy-2.190	291.0	6.0	55.0	47.0
This study	unknown	is131c	is131	FS-FD:SO-NO	pmagpy-2.190	86.0	6.0	55.0	22.0
This study	unknown	is131d	is131	FS-FD:SO-NO	pmagpy-2.190	218.0	6.0	55.0	25.0
This study	unknown	is131e	is131	FS-FD:SO-NO	pmagpy-2.190	223.0	6.0	55.0	24.0
This study	unknown	is132a	is132	FS-FD:SO-NO	pmagpy-2.190	112.0	6.0	55.0	39.0
This study	unknown	is132b	is132	FS-FD:SO-NO	pmagpy-2.190	31.0	6.0	55.0	69.0
This study	unknown	is132c	is132	FS-FD:SO-NO	pmagpy-2.190	23.0	6.0	55.0	56.0
This study	unknown	is132d	is132	FS-FD:SO-NO	pmagpy-2.190	43.0	6.0	55.0	58.0
This study	unknown	is132e	is132	FS-FD:SO-NO	pmagpy-2.190	39.0	6.0	55.0	54.0
This study	unknown	is132f	is132	FS-FD:SO-NO	pmagpy-2.190	7.0	6.0	55.0	53.0
This study	unknown	is132g	is132	FS-FD:SO-NO	pmagpy-2.190	24.0	6.0	55.0	63.0
This study	unknown	is132h	is132	FS-FD:SO-NO	pmagpy-2.190	68.0	6.0	55.0	35.0
This study	unknown	is132i	is132	FS-FD:SO-NO	pmagpy-2.190	342.0	6.0	55.0	21.0
This study	unknown	is132j	is132	FS-FD:SO-NO	pmagpy-2.190	281.0	6.0	55.0	29.0
This study	unknown	is132k	is132	FS-FD:SO-NO	pmagpy-2.190	323.0	6.0	55.0	53.0
This study	unknown	is132l	is132	FS-FD:SO-NO	pmagpy-2.190	343.0	6.0	55.0	55.0
This study	unknown	is133a	is133	FS-FD:SO-NO	pmagpy-2.190	341.0	6.0	55.0	61.0
This study	unknown	is133b	is133	FS-FD:SO-NO	pmagpy-2.190	322.0	6.0	55.0	57.0
This study	unknown	is133c	is133	FS-FD:SO-NO	pmagpy-2.190	278.0	6.0	55.0	50.0
This study	unknown	is134a	is134	FS-FD:SO-NO	pmagpy-2.190	74.0	6.0	55.0	74.0
This study	unknown	is134b	is134	FS-FD:SO-NO	pmagpy-2.190	3.0	6.0	55.0	75.0
This study	unknown	is134c	is134	FS-FD:SO-NO	pmagpy-2.190	12.0	6.0	55.0	75.0
This study	unknown	is134d	is134	FS-FD:SO-NO	pmagpy-2.190	3.0	6.0	55.0	59.0
This study	unknown	is134e	is134	FS-FD:SO-NO	pmagpy-2.190	72.0	6.0	55.0	56.0
This study	unknown	is134f	is134	FS-FD:SO-NO	pmagpy-2.190	351.0	6.0	55.0	86.0
This study	unknown	is134g	is134	FS-FD:SO-NO	pmagpy-2.190	27.0	6.0	55.0	68.0
This study	unknown	is134h	is134	FS-FD:SO-NO	pmagpy-2.190	337.0	6.0	55.0	74.0
This study	unknown	is134i	is134	FS-FD:SO-NO	pmagpy-2.190	293.0	6.0	55.0	42.0
This study	unknown	is134j	is134	FS-FD:SO-NO	pmagpy-2.190	349.0	6.0	55.0	48.0
This study	unknown	is134k	is134	FS-FD:SO-NO	pmagpy-2.190	15.0	6.0	55.0	55.0
This study	unknown	is135a	is135	FS-FD:SO-NO	pmagpy-2.190	2.0	6.0	55.0	65.0
This study	unknown	is135b	is135	FS-FD:SO-NO	pmagpy-2.190	37.0	6.0	55.0	56.0
This study	unknown	is135c	is135	FS-FD:SO-NO	pmagpy-2.190	348.0	6.0	55.0	49.0
This study	unknown	is135d	is135	FS-FD:SO-NO	pmagpy-2.190	353.0	6.0	55.0	59.0
This study	unknown	is135e	is135	FS-FD:SO-NO	pmagpy-2.190	359.0	6.0	55.0	48.0
This study	unknown	is135f	is135	FS-FD:SO-NO	pmagpy-2.190	12.0	6.0	55.0	28.0
